{"C:\\Users\\Alvaro\\Desktop\\TFG\\TFG-App-Frontend\\src\\api\\api.js": {"path":"C:\\Users\\Alvaro\\Desktop\\TFG\\TFG-App-Frontend\\src\\api\\api.js","statementMap":{"0":{"start":{"line":4,"column":25},"end":{"line":4,"column":42}},"1":{"start":{"line":6,"column":12},"end":{"line":8,"column":2}},"2":{"start":{"line":11,"column":0},"end":{"line":17,"column":2}},"3":{"start":{"line":12,"column":4},"end":{"line":15,"column":5}},"4":{"start":{"line":16,"column":4},"end":{"line":16,"column":18}}},"fnMap":{"0":{"name":"(anonymous_0)","decl":{"start":{"line":11,"column":29},"end":{"line":11,"column":30}},"loc":{"start":{"line":11,"column":39},"end":{"line":17,"column":1}},"line":11}},"branchMap":{},"s":{"0":36,"1":36,"2":36,"3":24,"4":24},"f":{"0":24},"b":{},"_coverageSchema":"1a1c01bbd47fc00a2c39e90264f33305004495a9","hash":"ff1cebb686c01d185baf156d06f45bcbe8c6641c"}
,"C:\\Users\\Alvaro\\Desktop\\TFG\\TFG-App-Frontend\\src\\api\\index.js": {"path":"C:\\Users\\Alvaro\\Desktop\\TFG\\TFG-App-Frontend\\src\\api\\index.js","statementMap":{},"fnMap":{},"branchMap":{},"s":{},"f":{},"b":{},"_coverageSchema":"1a1c01bbd47fc00a2c39e90264f33305004495a9","hash":"f018c70313f3c7c47c511306799eaa63910129a2"}
,"C:\\Users\\Alvaro\\Desktop\\TFG\\TFG-App-Frontend\\src\\auth\\index.js": {"path":"C:\\Users\\Alvaro\\Desktop\\TFG\\TFG-App-Frontend\\src\\auth\\index.js","statementMap":{},"fnMap":{},"branchMap":{},"s":{},"f":{},"b":{},"_coverageSchema":"1a1c01bbd47fc00a2c39e90264f33305004495a9","hash":"d5e0972c2a44f475354f7682b203731c9406eb84"}
,"C:\\Users\\Alvaro\\Desktop\\TFG\\TFG-App-Frontend\\src\\auth\\components\\PasswordValidatorBox.jsx": {"path":"C:\\Users\\Alvaro\\Desktop\\TFG\\TFG-App-Frontend\\src\\auth\\components\\PasswordValidatorBox.jsx","statementMap":{"0":{"start":{"line":1,"column":36},"end":{"line":87,"column":1}},"1":{"start":{"line":9,"column":1},"end":{"line":86,"column":3}}},"fnMap":{"0":{"name":"(anonymous_0)","decl":{"start":{"line":1,"column":36},"end":{"line":1,"column":37}},"loc":{"start":{"line":8,"column":6},"end":{"line":87,"column":1}},"line":8}},"branchMap":{"0":{"loc":{"start":{"line":15,"column":5},"end":{"line":22,"column":10}},"type":"cond-expr","locations":[{"start":{"line":21,"column":8},"end":{"line":21,"column":14}},{"start":{"line":22,"column":8},"end":{"line":22,"column":10}}],"line":15},"1":{"loc":{"start":{"line":15,"column":5},"end":{"line":20,"column":20}},"type":"binary-expr","locations":[{"start":{"line":15,"column":6},"end":{"line":15,"column":17}},{"start":{"line":16,"column":6},"end":{"line":16,"column":16}},{"start":{"line":17,"column":6},"end":{"line":17,"column":16}},{"start":{"line":18,"column":6},"end":{"line":18,"column":17}},{"start":{"line":19,"column":6},"end":{"line":19,"column":22}},{"start":{"line":20,"column":5},"end":{"line":20,"column":20}}],"line":15},"2":{"loc":{"start":{"line":25,"column":19},"end":{"line":25,"column":62}},"type":"cond-expr","locations":[{"start":{"line":25,"column":33},"end":{"line":25,"column":44}},{"start":{"line":25,"column":47},"end":{"line":25,"column":62}}],"line":25},"3":{"loc":{"start":{"line":26,"column":5},"end":{"line":34,"column":5}},"type":"cond-expr","locations":[{"start":{"line":27,"column":5},"end":{"line":29,"column":12}},{"start":{"line":31,"column":5},"end":{"line":33,"column":12}}],"line":26},"4":{"loc":{"start":{"line":37,"column":19},"end":{"line":37,"column":61}},"type":"cond-expr","locations":[{"start":{"line":37,"column":32},"end":{"line":37,"column":43}},{"start":{"line":37,"column":46},"end":{"line":37,"column":61}}],"line":37},"5":{"loc":{"start":{"line":38,"column":5},"end":{"line":46,"column":5}},"type":"cond-expr","locations":[{"start":{"line":39,"column":5},"end":{"line":41,"column":12}},{"start":{"line":43,"column":5},"end":{"line":45,"column":12}}],"line":38},"6":{"loc":{"start":{"line":49,"column":19},"end":{"line":49,"column":61}},"type":"cond-expr","locations":[{"start":{"line":49,"column":32},"end":{"line":49,"column":43}},{"start":{"line":49,"column":46},"end":{"line":49,"column":61}}],"line":49},"7":{"loc":{"start":{"line":50,"column":5},"end":{"line":58,"column":5}},"type":"cond-expr","locations":[{"start":{"line":51,"column":5},"end":{"line":53,"column":12}},{"start":{"line":55,"column":5},"end":{"line":57,"column":12}}],"line":50},"8":{"loc":{"start":{"line":61,"column":19},"end":{"line":61,"column":62}},"type":"cond-expr","locations":[{"start":{"line":61,"column":33},"end":{"line":61,"column":44}},{"start":{"line":61,"column":47},"end":{"line":61,"column":62}}],"line":61},"9":{"loc":{"start":{"line":62,"column":5},"end":{"line":70,"column":5}},"type":"cond-expr","locations":[{"start":{"line":63,"column":5},"end":{"line":65,"column":12}},{"start":{"line":67,"column":5},"end":{"line":69,"column":12}}],"line":62},"10":{"loc":{"start":{"line":73,"column":19},"end":{"line":73,"column":67}},"type":"cond-expr","locations":[{"start":{"line":73,"column":38},"end":{"line":73,"column":49}},{"start":{"line":73,"column":52},"end":{"line":73,"column":67}}],"line":73},"11":{"loc":{"start":{"line":74,"column":5},"end":{"line":82,"column":5}},"type":"cond-expr","locations":[{"start":{"line":75,"column":5},"end":{"line":77,"column":12}},{"start":{"line":79,"column":5},"end":{"line":81,"column":12}}],"line":74}},"s":{"0":3,"1":7},"f":{"0":7},"b":{"0":[3,4],"1":[7,1,1,1,1,6],"2":[1,6],"3":[1,6],"4":[1,6],"5":[1,6],"6":[1,6],"7":[1,6],"8":[1,6],"9":[1,6],"10":[1,6],"11":[1,6]},"_coverageSchema":"1a1c01bbd47fc00a2c39e90264f33305004495a9","hash":"c28fd2f5da27d59db9893af4a82d0b756ea21cc6"}
,"C:\\Users\\Alvaro\\Desktop\\TFG\\TFG-App-Frontend\\src\\auth\\layout\\HomePage.jsx": {"path":"C:\\Users\\Alvaro\\Desktop\\TFG\\TFG-App-Frontend\\src\\auth\\layout\\HomePage.jsx","statementMap":{"0":{"start":{"line":4,"column":24},"end":{"line":269,"column":1}},"1":{"start":{"line":5,"column":27},"end":{"line":5,"column":39}},"2":{"start":{"line":6,"column":18},"end":{"line":6,"column":30}},"3":{"start":{"line":8,"column":1},"end":{"line":38,"column":8}},"4":{"start":{"line":10,"column":23},"end":{"line":30,"column":3}},"5":{"start":{"line":11,"column":18},"end":{"line":11,"column":48}},"6":{"start":{"line":12,"column":19},"end":{"line":12,"column":54}},"7":{"start":{"line":15,"column":24},"end":{"line":15,"column":38}},"8":{"start":{"line":17,"column":21},"end":{"line":17,"column":58}},"9":{"start":{"line":19,"column":3},"end":{"line":23,"column":4}},"10":{"start":{"line":20,"column":4},"end":{"line":20,"column":38}},"11":{"start":{"line":22,"column":4},"end":{"line":22,"column":41}},"12":{"start":{"line":25,"column":3},"end":{"line":29,"column":4}},"13":{"start":{"line":26,"column":4},"end":{"line":26,"column":39}},"14":{"start":{"line":28,"column":4},"end":{"line":28,"column":42}},"15":{"start":{"line":32,"column":2},"end":{"line":32,"column":50}},"16":{"start":{"line":35,"column":2},"end":{"line":37,"column":4}},"17":{"start":{"line":36,"column":3},"end":{"line":36,"column":54}},"18":{"start":{"line":41,"column":16},"end":{"line":52,"column":2}},"19":{"start":{"line":42,"column":25},"end":{"line":42,"column":50}},"20":{"start":{"line":43,"column":16},"end":{"line":43,"column":32}},"21":{"start":{"line":45,"column":22},"end":{"line":45,"column":59}},"22":{"start":{"line":46,"column":26},"end":{"line":46,"column":72}},"23":{"start":{"line":47,"column":2},"end":{"line":51,"column":3}},"24":{"start":{"line":48,"column":3},"end":{"line":48,"column":52}},"25":{"start":{"line":50,"column":3},"end":{"line":50,"column":35}},"26":{"start":{"line":55,"column":16},"end":{"line":55,"column":51}},"27":{"start":{"line":56,"column":17},"end":{"line":56,"column":51}},"28":{"start":{"line":57,"column":17},"end":{"line":57,"column":51}},"29":{"start":{"line":59,"column":1},"end":{"line":61,"column":4}},"30":{"start":{"line":60,"column":2},"end":{"line":60,"column":39}},"31":{"start":{"line":63,"column":15},"end":{"line":63,"column":16}},"32":{"start":{"line":65,"column":22},"end":{"line":68,"column":2}},"33":{"start":{"line":66,"column":2},"end":{"line":66,"column":12}},"34":{"start":{"line":67,"column":2},"end":{"line":67,"column":13}},"35":{"start":{"line":70,"column":22},"end":{"line":73,"column":2}},"36":{"start":{"line":71,"column":2},"end":{"line":71,"column":12}},"37":{"start":{"line":72,"column":2},"end":{"line":72,"column":13}},"38":{"start":{"line":76,"column":2},"end":{"line":80,"column":3}},"39":{"start":{"line":77,"column":3},"end":{"line":77,"column":35}},"40":{"start":{"line":79,"column":3},"end":{"line":79,"column":34}},"41":{"start":{"line":81,"column":2},"end":{"line":85,"column":3}},"42":{"start":{"line":82,"column":3},"end":{"line":82,"column":35}},"43":{"start":{"line":84,"column":3},"end":{"line":84,"column":34}},"44":{"start":{"line":86,"column":2},"end":{"line":88,"column":5}},"45":{"start":{"line":87,"column":3},"end":{"line":87,"column":60}},"46":{"start":{"line":92,"column":14},"end":{"line":92,"column":51}},"47":{"start":{"line":93,"column":18},"end":{"line":93,"column":55}},"48":{"start":{"line":94,"column":20},"end":{"line":107,"column":2}},"49":{"start":{"line":95,"column":13},"end":{"line":95,"column":32}},"50":{"start":{"line":96,"column":2},"end":{"line":106,"column":3}},"51":{"start":{"line":97,"column":3},"end":{"line":99,"column":6}},"52":{"start":{"line":98,"column":4},"end":{"line":98,"column":35}},"53":{"start":{"line":100,"column":3},"end":{"line":100,"column":36}},"54":{"start":{"line":101,"column":3},"end":{"line":103,"column":6}},"55":{"start":{"line":102,"column":4},"end":{"line":102,"column":39}},"56":{"start":{"line":104,"column":19},"end":{"line":104,"column":46}},"57":{"start":{"line":105,"column":3},"end":{"line":105,"column":35}},"58":{"start":{"line":109,"column":1},"end":{"line":268,"column":3}}},"fnMap":{"0":{"name":"(anonymous_0)","decl":{"start":{"line":4,"column":24},"end":{"line":4,"column":25}},"loc":{"start":{"line":4,"column":42},"end":{"line":269,"column":1}},"line":4},"1":{"name":"(anonymous_1)","decl":{"start":{"line":8,"column":11},"end":{"line":8,"column":12}},"loc":{"start":{"line":8,"column":17},"end":{"line":38,"column":2}},"line":8},"2":{"name":"(anonymous_2)","decl":{"start":{"line":10,"column":23},"end":{"line":10,"column":24}},"loc":{"start":{"line":10,"column":29},"end":{"line":30,"column":3}},"line":10},"3":{"name":"(anonymous_3)","decl":{"start":{"line":35,"column":9},"end":{"line":35,"column":10}},"loc":{"start":{"line":35,"column":15},"end":{"line":37,"column":3}},"line":35},"4":{"name":"(anonymous_4)","decl":{"start":{"line":41,"column":16},"end":{"line":41,"column":17}},"loc":{"start":{"line":41,"column":22},"end":{"line":52,"column":2}},"line":41},"5":{"name":"(anonymous_5)","decl":{"start":{"line":59,"column":16},"end":{"line":59,"column":17}},"loc":{"start":{"line":59,"column":40},"end":{"line":61,"column":2}},"line":59},"6":{"name":"(anonymous_6)","decl":{"start":{"line":65,"column":22},"end":{"line":65,"column":23}},"loc":{"start":{"line":65,"column":28},"end":{"line":68,"column":2}},"line":65},"7":{"name":"(anonymous_7)","decl":{"start":{"line":70,"column":22},"end":{"line":70,"column":23}},"loc":{"start":{"line":70,"column":28},"end":{"line":73,"column":2}},"line":70},"8":{"name":"carousel","decl":{"start":{"line":75,"column":10},"end":{"line":75,"column":18}},"loc":{"start":{"line":75,"column":21},"end":{"line":89,"column":2}},"line":75},"9":{"name":"(anonymous_9)","decl":{"start":{"line":86,"column":17},"end":{"line":86,"column":18}},"loc":{"start":{"line":86,"column":34},"end":{"line":88,"column":3}},"line":86},"10":{"name":"(anonymous_10)","decl":{"start":{"line":94,"column":20},"end":{"line":94,"column":21}},"loc":{"start":{"line":94,"column":27},"end":{"line":107,"column":2}},"line":94},"11":{"name":"(anonymous_11)","decl":{"start":{"line":97,"column":16},"end":{"line":97,"column":17}},"loc":{"start":{"line":97,"column":31},"end":{"line":99,"column":4}},"line":97},"12":{"name":"(anonymous_12)","decl":{"start":{"line":101,"column":20},"end":{"line":101,"column":21}},"loc":{"start":{"line":101,"column":39},"end":{"line":103,"column":4}},"line":101}},"branchMap":{"0":{"loc":{"start":{"line":19,"column":3},"end":{"line":23,"column":4}},"type":"if","locations":[{"start":{"line":19,"column":3},"end":{"line":23,"column":4}},{"start":{"line":21,"column":10},"end":{"line":23,"column":4}}],"line":19},"1":{"loc":{"start":{"line":25,"column":3},"end":{"line":29,"column":4}},"type":"if","locations":[{"start":{"line":25,"column":3},"end":{"line":29,"column":4}},{"start":{"line":27,"column":10},"end":{"line":29,"column":4}}],"line":25},"2":{"loc":{"start":{"line":47,"column":2},"end":{"line":51,"column":3}},"type":"if","locations":[{"start":{"line":47,"column":2},"end":{"line":51,"column":3}},{"start":{"line":49,"column":9},"end":{"line":51,"column":3}}],"line":47},"3":{"loc":{"start":{"line":76,"column":2},"end":{"line":80,"column":3}},"type":"if","locations":[{"start":{"line":76,"column":2},"end":{"line":80,"column":3}},{"start":{"line":78,"column":9},"end":{"line":80,"column":3}}],"line":76},"4":{"loc":{"start":{"line":81,"column":2},"end":{"line":85,"column":3}},"type":"if","locations":[{"start":{"line":81,"column":2},"end":{"line":85,"column":3}},{"start":{"line":83,"column":9},"end":{"line":85,"column":3}}],"line":81},"5":{"loc":{"start":{"line":96,"column":2},"end":{"line":106,"column":3}},"type":"if","locations":[{"start":{"line":96,"column":2},"end":{"line":106,"column":3}},{"start":{},"end":{}}],"line":96}},"s":{"0":3,"1":5,"2":5,"3":5,"4":5,"5":0,"6":0,"7":0,"8":0,"9":0,"10":0,"11":0,"12":0,"13":0,"14":0,"15":5,"16":5,"17":5,"18":5,"19":0,"20":0,"21":0,"22":0,"23":0,"24":0,"25":0,"26":5,"27":5,"28":5,"29":5,"30":0,"31":5,"32":5,"33":0,"34":0,"35":5,"36":0,"37":0,"38":0,"39":0,"40":0,"41":0,"42":0,"43":0,"44":0,"45":0,"46":5,"47":5,"48":5,"49":0,"50":0,"51":0,"52":0,"53":0,"54":0,"55":0,"56":0,"57":0,"58":5},"f":{"0":5,"1":5,"2":0,"3":5,"4":0,"5":0,"6":0,"7":0,"8":0,"9":0,"10":0,"11":0,"12":0},"b":{"0":[0,0],"1":[0,0],"2":[0,0],"3":[0,0],"4":[0,0],"5":[0,0]},"_coverageSchema":"1a1c01bbd47fc00a2c39e90264f33305004495a9","hash":"8861c7564f9f4d476b599d269925321da954a2a1"}
,"C:\\Users\\Alvaro\\Desktop\\TFG\\TFG-App-Frontend\\src\\auth\\pages\\LoginPage.jsx": {"path":"C:\\Users\\Alvaro\\Desktop\\TFG\\TFG-App-Frontend\\src\\auth\\pages\\LoginPage.jsx","statementMap":{"0":{"start":{"line":10,"column":24},"end":{"line":13,"column":1}},"1":{"start":{"line":15,"column":27},"end":{"line":20,"column":1}},"2":{"start":{"line":22,"column":25},"end":{"line":206,"column":1}},"3":{"start":{"line":27,"column":5},"end":{"line":27,"column":29}},"4":{"start":{"line":41,"column":5},"end":{"line":41,"column":32}},"5":{"start":{"line":43,"column":39},"end":{"line":43,"column":53}},"6":{"start":{"line":45,"column":21},"end":{"line":48,"column":2}},"7":{"start":{"line":46,"column":2},"end":{"line":46,"column":25}},"8":{"start":{"line":47,"column":2},"end":{"line":47,"column":61}},"9":{"start":{"line":50,"column":24},"end":{"line":65,"column":2}},"10":{"start":{"line":51,"column":2},"end":{"line":51,"column":25}},"11":{"start":{"line":53,"column":2},"end":{"line":59,"column":3}},"12":{"start":{"line":54,"column":3},"end":{"line":58,"column":5}},"13":{"start":{"line":60,"column":2},"end":{"line":64,"column":5}},"14":{"start":{"line":67,"column":37},"end":{"line":67,"column":52}},"15":{"start":{"line":68,"column":26},"end":{"line":68,"column":58}},"16":{"start":{"line":68,"column":32},"end":{"line":68,"column":58}},"17":{"start":{"line":70,"column":43},"end":{"line":70,"column":58}},"18":{"start":{"line":71,"column":29},"end":{"line":71,"column":67}},"19":{"start":{"line":71,"column":35},"end":{"line":71,"column":67}},"20":{"start":{"line":73,"column":1},"end":{"line":205,"column":3}}},"fnMap":{"0":{"name":"(anonymous_0)","decl":{"start":{"line":22,"column":25},"end":{"line":22,"column":26}},"loc":{"start":{"line":22,"column":31},"end":{"line":206,"column":1}},"line":22},"1":{"name":"(anonymous_1)","decl":{"start":{"line":45,"column":21},"end":{"line":45,"column":22}},"loc":{"start":{"line":45,"column":32},"end":{"line":48,"column":2}},"line":45},"2":{"name":"(anonymous_2)","decl":{"start":{"line":50,"column":24},"end":{"line":50,"column":25}},"loc":{"start":{"line":50,"column":35},"end":{"line":65,"column":2}},"line":50},"3":{"name":"(anonymous_3)","decl":{"start":{"line":68,"column":26},"end":{"line":68,"column":27}},"loc":{"start":{"line":68,"column":32},"end":{"line":68,"column":58}},"line":68},"4":{"name":"(anonymous_4)","decl":{"start":{"line":71,"column":29},"end":{"line":71,"column":30}},"loc":{"start":{"line":71,"column":35},"end":{"line":71,"column":67}},"line":71}},"branchMap":{"0":{"loc":{"start":{"line":53,"column":2},"end":{"line":59,"column":3}},"type":"if","locations":[{"start":{"line":53,"column":2},"end":{"line":59,"column":3}},{"start":{},"end":{}}],"line":53},"1":{"loc":{"start":{"line":93,"column":15},"end":{"line":93,"column":47}},"type":"cond-expr","locations":[{"start":{"line":93,"column":28},"end":{"line":93,"column":34}},{"start":{"line":93,"column":37},"end":{"line":93,"column":47}}],"line":93},"2":{"loc":{"start":{"line":106,"column":10},"end":{"line":110,"column":10}},"type":"cond-expr","locations":[{"start":{"line":107,"column":10},"end":{"line":107,"column":53}},{"start":{"line":109,"column":10},"end":{"line":109,"column":47}}],"line":106},"3":{"loc":{"start":{"line":149,"column":16},"end":{"line":149,"column":51}},"type":"cond-expr","locations":[{"start":{"line":149,"column":32},"end":{"line":149,"column":38}},{"start":{"line":149,"column":41},"end":{"line":149,"column":51}}],"line":149},"4":{"loc":{"start":{"line":163,"column":11},"end":{"line":167,"column":11}},"type":"cond-expr","locations":[{"start":{"line":164,"column":11},"end":{"line":164,"column":54}},{"start":{"line":166,"column":11},"end":{"line":166,"column":48}}],"line":163}},"s":{"0":2,"1":2,"2":2,"3":5,"4":5,"5":5,"6":5,"7":1,"8":1,"9":5,"10":1,"11":1,"12":0,"13":1,"14":5,"15":4,"16":0,"17":4,"18":4,"19":0,"20":4},"f":{"0":5,"1":1,"2":1,"3":0,"4":0},"b":{"0":[0,1],"1":[0,4],"2":[0,4],"3":[0,4],"4":[0,4]},"_coverageSchema":"1a1c01bbd47fc00a2c39e90264f33305004495a9","hash":"279d0c9161a7da5f4d0c010c8ffc6d218b375543"}
,"C:\\Users\\Alvaro\\Desktop\\TFG\\TFG-App-Frontend\\src\\calendar\\index.js": {"path":"C:\\Users\\Alvaro\\Desktop\\TFG\\TFG-App-Frontend\\src\\calendar\\index.js","statementMap":{},"fnMap":{},"branchMap":{},"s":{},"f":{},"b":{},"_coverageSchema":"1a1c01bbd47fc00a2c39e90264f33305004495a9","hash":"ea779450925e743ff588c714b2642ca94a23b0c0"}
,"C:\\Users\\Alvaro\\Desktop\\TFG\\TFG-App-Frontend\\src\\calendar\\components\\CalendarEvent.jsx": {"path":"C:\\Users\\Alvaro\\Desktop\\TFG\\TFG-App-Frontend\\src\\calendar\\components\\CalendarEvent.jsx","statementMap":{"0":{"start":{"line":1,"column":29},"end":{"line":9,"column":1}},"1":{"start":{"line":2,"column":26},"end":{"line":2,"column":31}},"2":{"start":{"line":4,"column":1},"end":{"line":8,"column":3}}},"fnMap":{"0":{"name":"(anonymous_0)","decl":{"start":{"line":1,"column":29},"end":{"line":1,"column":30}},"loc":{"start":{"line":1,"column":44},"end":{"line":9,"column":1}},"line":1}},"branchMap":{"0":{"loc":{"start":{"line":6,"column":29},"end":{"line":6,"column":60}},"type":"binary-expr","locations":[{"start":{"line":6,"column":29},"end":{"line":6,"column":34}},{"start":{"line":6,"column":38},"end":{"line":6,"column":60}}],"line":6}},"s":{"0":2,"1":1,"2":1},"f":{"0":1},"b":{"0":[1,1]},"_coverageSchema":"1a1c01bbd47fc00a2c39e90264f33305004495a9","hash":"b2006c86b26838d489eb6300158ce4c483652199"}
,"C:\\Users\\Alvaro\\Desktop\\TFG\\TFG-App-Frontend\\src\\calendar\\components\\CalendarModal.jsx": {"path":"C:\\Users\\Alvaro\\Desktop\\TFG\\TFG-App-Frontend\\src\\calendar\\components\\CalendarModal.jsx","statementMap":{"0":{"start":{"line":15,"column":0},"end":{"line":15,"column":25}},"1":{"start":{"line":17,"column":21},"end":{"line":26,"column":1}},"2":{"start":{"line":28,"column":0},"end":{"line":30,"column":1}},"3":{"start":{"line":29,"column":1},"end":{"line":29,"column":30}},"4":{"start":{"line":32,"column":29},"end":{"line":217,"column":1}},"5":{"start":{"line":34,"column":2},"end":{"line":34,"column":20}},"6":{"start":{"line":35,"column":53},"end":{"line":35,"column":65}},"7":{"start":{"line":37,"column":31},"end":{"line":37,"column":46}},"8":{"start":{"line":38,"column":43},"end":{"line":38,"column":58}},"9":{"start":{"line":40,"column":37},"end":{"line":45,"column":3}},"10":{"start":{"line":47,"column":20},"end":{"line":51,"column":38}},"11":{"start":{"line":48,"column":2},"end":{"line":48,"column":32}},"12":{"start":{"line":48,"column":22},"end":{"line":48,"column":32}},"13":{"start":{"line":50,"column":2},"end":{"line":50,"column":54}},"14":{"start":{"line":53,"column":1},"end":{"line":58,"column":19}},"15":{"start":{"line":54,"column":2},"end":{"line":57,"column":3}},"16":{"start":{"line":55,"column":3},"end":{"line":55,"column":37}},"17":{"start":{"line":56,"column":3},"end":{"line":56,"column":34}},"18":{"start":{"line":60,"column":23},"end":{"line":65,"column":2}},"19":{"start":{"line":61,"column":2},"end":{"line":64,"column":5}},"20":{"start":{"line":67,"column":23},"end":{"line":72,"column":2}},"21":{"start":{"line":68,"column":2},"end":{"line":71,"column":5}},"22":{"start":{"line":74,"column":23},"end":{"line":76,"column":2}},"23":{"start":{"line":75,"column":2},"end":{"line":75,"column":23}},"24":{"start":{"line":78,"column":22},"end":{"line":81,"column":2}},"25":{"start":{"line":79,"column":2},"end":{"line":79,"column":23}},"26":{"start":{"line":80,"column":2},"end":{"line":80,"column":20}},"27":{"start":{"line":83,"column":22},"end":{"line":90,"column":2}},"28":{"start":{"line":85,"column":2},"end":{"line":85,"column":23}},"29":{"start":{"line":87,"column":2},"end":{"line":87,"column":23}},"30":{"start":{"line":89,"column":2},"end":{"line":89,"column":26}},"31":{"start":{"line":92,"column":18},"end":{"line":111,"column":2}},"32":{"start":{"line":93,"column":2},"end":{"line":93,"column":25}},"33":{"start":{"line":94,"column":2},"end":{"line":94,"column":25}},"34":{"start":{"line":96,"column":21},"end":{"line":96,"column":74}},"35":{"start":{"line":97,"column":2},"end":{"line":100,"column":3}},"36":{"start":{"line":98,"column":3},"end":{"line":98,"column":77}},"37":{"start":{"line":99,"column":3},"end":{"line":99,"column":10}},"38":{"start":{"line":102,"column":2},"end":{"line":102,"column":43}},"39":{"start":{"line":102,"column":36},"end":{"line":102,"column":43}},"40":{"start":{"line":104,"column":2},"end":{"line":104,"column":30}},"41":{"start":{"line":106,"column":2},"end":{"line":106,"column":31}},"42":{"start":{"line":108,"column":2},"end":{"line":108,"column":23}},"43":{"start":{"line":110,"column":2},"end":{"line":110,"column":26}},"44":{"start":{"line":113,"column":1},"end":{"line":216,"column":3}},"45":{"start":{"line":130,"column":27},"end":{"line":130,"column":56}},"46":{"start":{"line":146,"column":27},"end":{"line":146,"column":54}}},"fnMap":{"0":{"name":"(anonymous_0)","decl":{"start":{"line":32,"column":29},"end":{"line":32,"column":30}},"loc":{"start":{"line":32,"column":35},"end":{"line":217,"column":1}},"line":32},"1":{"name":"(anonymous_1)","decl":{"start":{"line":47,"column":28},"end":{"line":47,"column":29}},"loc":{"start":{"line":47,"column":34},"end":{"line":51,"column":2}},"line":47},"2":{"name":"(anonymous_2)","decl":{"start":{"line":53,"column":11},"end":{"line":53,"column":12}},"loc":{"start":{"line":53,"column":17},"end":{"line":58,"column":2}},"line":53},"3":{"name":"(anonymous_3)","decl":{"start":{"line":60,"column":23},"end":{"line":60,"column":24}},"loc":{"start":{"line":60,"column":39},"end":{"line":65,"column":2}},"line":60},"4":{"name":"(anonymous_4)","decl":{"start":{"line":67,"column":23},"end":{"line":67,"column":24}},"loc":{"start":{"line":67,"column":44},"end":{"line":72,"column":2}},"line":67},"5":{"name":"(anonymous_5)","decl":{"start":{"line":74,"column":23},"end":{"line":74,"column":24}},"loc":{"start":{"line":74,"column":29},"end":{"line":76,"column":2}},"line":74},"6":{"name":"(anonymous_6)","decl":{"start":{"line":78,"column":22},"end":{"line":78,"column":23}},"loc":{"start":{"line":78,"column":28},"end":{"line":81,"column":2}},"line":78},"7":{"name":"(anonymous_7)","decl":{"start":{"line":83,"column":22},"end":{"line":83,"column":23}},"loc":{"start":{"line":83,"column":28},"end":{"line":90,"column":2}},"line":83},"8":{"name":"(anonymous_8)","decl":{"start":{"line":92,"column":18},"end":{"line":92,"column":19}},"loc":{"start":{"line":92,"column":29},"end":{"line":111,"column":2}},"line":92},"9":{"name":"(anonymous_9)","decl":{"start":{"line":130,"column":16},"end":{"line":130,"column":17}},"loc":{"start":{"line":130,"column":27},"end":{"line":130,"column":56}},"line":130},"10":{"name":"(anonymous_10)","decl":{"start":{"line":146,"column":16},"end":{"line":146,"column":17}},"loc":{"start":{"line":146,"column":27},"end":{"line":146,"column":54}},"line":146}},"branchMap":{"0":{"loc":{"start":{"line":28,"column":0},"end":{"line":30,"column":1}},"type":"if","locations":[{"start":{"line":28,"column":0},"end":{"line":30,"column":1}},{"start":{},"end":{}}],"line":28},"1":{"loc":{"start":{"line":48,"column":2},"end":{"line":48,"column":32}},"type":"if","locations":[{"start":{"line":48,"column":2},"end":{"line":48,"column":32}},{"start":{},"end":{}}],"line":48},"2":{"loc":{"start":{"line":50,"column":9},"end":{"line":50,"column":53}},"type":"binary-expr","locations":[{"start":{"line":50,"column":9},"end":{"line":50,"column":37}},{"start":{"line":50,"column":41},"end":{"line":50,"column":53}}],"line":50},"3":{"loc":{"start":{"line":54,"column":2},"end":{"line":57,"column":3}},"type":"if","locations":[{"start":{"line":54,"column":2},"end":{"line":57,"column":3}},{"start":{},"end":{}}],"line":54},"4":{"loc":{"start":{"line":97,"column":2},"end":{"line":100,"column":3}},"type":"if","locations":[{"start":{"line":97,"column":2},"end":{"line":100,"column":3}},{"start":{},"end":{}}],"line":97},"5":{"loc":{"start":{"line":97,"column":6},"end":{"line":97,"column":42}},"type":"binary-expr","locations":[{"start":{"line":97,"column":6},"end":{"line":97,"column":23}},{"start":{"line":97,"column":27},"end":{"line":97,"column":42}}],"line":97},"6":{"loc":{"start":{"line":102,"column":2},"end":{"line":102,"column":43}},"type":"if","locations":[{"start":{"line":102,"column":2},"end":{"line":102,"column":43}},{"start":{},"end":{}}],"line":102},"7":{"loc":{"start":{"line":122,"column":4},"end":{"line":122,"column":67}},"type":"cond-expr","locations":[{"start":{"line":122,"column":21},"end":{"line":122,"column":43}},{"start":{"line":122,"column":46},"end":{"line":122,"column":67}}],"line":122},"8":{"loc":{"start":{"line":202,"column":6},"end":{"line":212,"column":6}},"type":"binary-expr","locations":[{"start":{"line":202,"column":6},"end":{"line":202,"column":21}},{"start":{"line":203,"column":6},"end":{"line":211,"column":15}}],"line":202}},"s":{"0":2,"1":2,"2":2,"3":0,"4":2,"5":15,"6":15,"7":15,"8":14,"9":14,"10":14,"11":13,"12":13,"13":0,"14":14,"15":9,"16":3,"17":3,"18":14,"19":1,"20":14,"21":0,"22":14,"23":0,"24":14,"25":0,"26":0,"27":14,"28":1,"29":1,"30":1,"31":14,"32":1,"33":1,"34":1,"35":1,"36":0,"37":0,"38":1,"39":0,"40":1,"41":1,"42":1,"43":1,"44":14,"45":0,"46":0},"f":{"0":15,"1":13,"2":9,"3":1,"4":0,"5":0,"6":0,"7":1,"8":1,"9":0,"10":0},"b":{"0":[0,2],"1":[13,0],"2":[0,0],"3":[3,6],"4":[0,1],"5":[1,1],"6":[0,1],"7":[3,11],"8":[14,6]},"_coverageSchema":"1a1c01bbd47fc00a2c39e90264f33305004495a9","hash":"a72a8ca1d293b5191a93c231e6921205d670dbe4"}
,"C:\\Users\\Alvaro\\Desktop\\TFG\\TFG-App-Frontend\\src\\calendar\\components\\FabAddNew.jsx": {"path":"C:\\Users\\Alvaro\\Desktop\\TFG\\TFG-App-Frontend\\src\\calendar\\components\\FabAddNew.jsx","statementMap":{"0":{"start":{"line":4,"column":25},"end":{"line":30,"column":1}},"1":{"start":{"line":5,"column":31},"end":{"line":5,"column":43}},"2":{"start":{"line":6,"column":28},"end":{"line":6,"column":46}},"3":{"start":{"line":8,"column":21},"end":{"line":18,"column":2}},"4":{"start":{"line":9,"column":2},"end":{"line":16,"column":5}},"5":{"start":{"line":17,"column":2},"end":{"line":17,"column":22}},"6":{"start":{"line":20,"column":1},"end":{"line":29,"column":3}}},"fnMap":{"0":{"name":"(anonymous_0)","decl":{"start":{"line":4,"column":25},"end":{"line":4,"column":26}},"loc":{"start":{"line":4,"column":31},"end":{"line":30,"column":1}},"line":4},"1":{"name":"(anonymous_1)","decl":{"start":{"line":8,"column":21},"end":{"line":8,"column":22}},"loc":{"start":{"line":8,"column":27},"end":{"line":18,"column":2}},"line":8}},"branchMap":{},"s":{"0":2,"1":3,"2":3,"3":3,"4":1,"5":1,"6":3},"f":{"0":3,"1":1},"b":{},"_coverageSchema":"1a1c01bbd47fc00a2c39e90264f33305004495a9","hash":"c98e5ccce1450130ee33b0f9b5f3af93d3823932"}
,"C:\\Users\\Alvaro\\Desktop\\TFG\\TFG-App-Frontend\\src\\calendar\\pages\\CalendarPage.jsx": {"path":"C:\\Users\\Alvaro\\Desktop\\TFG\\TFG-App-Frontend\\src\\calendar\\pages\\CalendarPage.jsx","statementMap":{"0":{"start":{"line":9,"column":28},"end":{"line":82,"column":1}},"1":{"start":{"line":10,"column":31},"end":{"line":10,"column":43}},"2":{"start":{"line":12,"column":2},"end":{"line":12,"column":20}},"3":{"start":{"line":13,"column":33},"end":{"line":15,"column":2}},"4":{"start":{"line":17,"column":26},"end":{"line":35,"column":2}},"5":{"start":{"line":18,"column":14},"end":{"line":18,"column":16}},"6":{"start":{"line":19,"column":2},"end":{"line":31,"column":3}},"7":{"start":{"line":20,"column":3},"end":{"line":25,"column":5}},"8":{"start":{"line":27,"column":3},"end":{"line":30,"column":5}},"9":{"start":{"line":32,"column":2},"end":{"line":34,"column":4}},"10":{"start":{"line":37,"column":1},"end":{"line":39,"column":8}},"11":{"start":{"line":38,"column":2},"end":{"line":38,"column":23}},"12":{"start":{"line":41,"column":18},"end":{"line":44,"column":2}},"13":{"start":{"line":42,"column":2},"end":{"line":42,"column":24}},"14":{"start":{"line":43,"column":2},"end":{"line":43,"column":22}},"15":{"start":{"line":46,"column":23},"end":{"line":49,"column":2}},"16":{"start":{"line":47,"column":2},"end":{"line":47,"column":42}},"17":{"start":{"line":48,"column":2},"end":{"line":48,"column":21}},"18":{"start":{"line":51,"column":1},"end":{"line":81,"column":3}}},"fnMap":{"0":{"name":"(anonymous_0)","decl":{"start":{"line":9,"column":28},"end":{"line":9,"column":29}},"loc":{"start":{"line":9,"column":34},"end":{"line":82,"column":1}},"line":9},"1":{"name":"(anonymous_1)","decl":{"start":{"line":17,"column":26},"end":{"line":17,"column":27}},"loc":{"start":{"line":17,"column":37},"end":{"line":35,"column":2}},"line":17},"2":{"name":"(anonymous_2)","decl":{"start":{"line":37,"column":11},"end":{"line":37,"column":12}},"loc":{"start":{"line":37,"column":17},"end":{"line":39,"column":2}},"line":37},"3":{"name":"(anonymous_3)","decl":{"start":{"line":41,"column":18},"end":{"line":41,"column":19}},"loc":{"start":{"line":41,"column":29},"end":{"line":44,"column":2}},"line":41},"4":{"name":"(anonymous_4)","decl":{"start":{"line":46,"column":23},"end":{"line":46,"column":24}},"loc":{"start":{"line":46,"column":34},"end":{"line":49,"column":2}},"line":46}},"branchMap":{"0":{"loc":{"start":{"line":14,"column":2},"end":{"line":14,"column":44}},"type":"binary-expr","locations":[{"start":{"line":14,"column":2},"end":{"line":14,"column":34}},{"start":{"line":14,"column":38},"end":{"line":14,"column":44}}],"line":14},"1":{"loc":{"start":{"line":19,"column":2},"end":{"line":31,"column":3}},"type":"if","locations":[{"start":{"line":19,"column":2},"end":{"line":31,"column":3}},{"start":{"line":26,"column":9},"end":{"line":31,"column":3}}],"line":19}},"s":{"0":1,"1":1,"2":1,"3":1,"4":1,"5":0,"6":0,"7":0,"8":0,"9":0,"10":1,"11":1,"12":1,"13":0,"14":0,"15":1,"16":0,"17":0,"18":1},"f":{"0":1,"1":0,"2":1,"3":0,"4":0},"b":{"0":[1,1],"1":[0,0]},"_coverageSchema":"1a1c01bbd47fc00a2c39e90264f33305004495a9","hash":"67bcf46dc66755a3f497f982836a4de3d787e770"}
,"C:\\Users\\Alvaro\\Desktop\\TFG\\TFG-App-Frontend\\src\\helpers\\calendarLocalizer.js": {"path":"C:\\Users\\Alvaro\\Desktop\\TFG\\TFG-App-Frontend\\src\\helpers\\calendarLocalizer.js","statementMap":{"0":{"start":{"line":6,"column":16},"end":{"line":9,"column":1}},"1":{"start":{"line":11,"column":25},"end":{"line":17,"column":2}}},"fnMap":{},"branchMap":{},"s":{"0":29,"1":29},"f":{},"b":{},"_coverageSchema":"1a1c01bbd47fc00a2c39e90264f33305004495a9","hash":"b47a761756f872b85860ddef1361d21aad0058fd"}
,"C:\\Users\\Alvaro\\Desktop\\TFG\\TFG-App-Frontend\\src\\helpers\\convertEventsToDateEvents.js": {"path":"C:\\Users\\Alvaro\\Desktop\\TFG\\TFG-App-Frontend\\src\\helpers\\convertEventsToDateEvents.js","statementMap":{"0":{"start":{"line":3,"column":41},"end":{"line":10,"column":1}},"1":{"start":{"line":4,"column":1},"end":{"line":9,"column":4}},"2":{"start":{"line":5,"column":2},"end":{"line":5,"column":38}},"3":{"start":{"line":6,"column":2},"end":{"line":6,"column":34}},"4":{"start":{"line":8,"column":2},"end":{"line":8,"column":15}}},"fnMap":{"0":{"name":"(anonymous_0)","decl":{"start":{"line":3,"column":41},"end":{"line":3,"column":42}},"loc":{"start":{"line":3,"column":58},"end":{"line":10,"column":1}},"line":3},"1":{"name":"(anonymous_1)","decl":{"start":{"line":4,"column":19},"end":{"line":4,"column":20}},"loc":{"start":{"line":4,"column":30},"end":{"line":9,"column":2}},"line":4}},"branchMap":{"0":{"loc":{"start":{"line":3,"column":42},"end":{"line":3,"column":53}},"type":"default-arg","locations":[{"start":{"line":3,"column":51},"end":{"line":3,"column":53}}],"line":3}},"s":{"0":29,"1":1,"2":2,"3":2,"4":2},"f":{"0":1,"1":2},"b":{"0":[0]},"_coverageSchema":"1a1c01bbd47fc00a2c39e90264f33305004495a9","hash":"fb8d7153c5606e49cfebc8a9a0be428c7de56efd"}
,"C:\\Users\\Alvaro\\Desktop\\TFG\\TFG-App-Frontend\\src\\helpers\\convertNotesToDateNotes.js": {"path":"C:\\Users\\Alvaro\\Desktop\\TFG\\TFG-App-Frontend\\src\\helpers\\convertNotesToDateNotes.js","statementMap":{"0":{"start":{"line":3,"column":39},"end":{"line":10,"column":1}},"1":{"start":{"line":5,"column":4},"end":{"line":9,"column":6}},"2":{"start":{"line":6,"column":8},"end":{"line":6,"column":40}},"3":{"start":{"line":8,"column":8},"end":{"line":8,"column":20}}},"fnMap":{"0":{"name":"(anonymous_0)","decl":{"start":{"line":3,"column":39},"end":{"line":3,"column":40}},"loc":{"start":{"line":3,"column":55},"end":{"line":10,"column":1}},"line":3},"1":{"name":"(anonymous_1)","decl":{"start":{"line":5,"column":21},"end":{"line":5,"column":22}},"loc":{"start":{"line":5,"column":29},"end":{"line":9,"column":5}},"line":5}},"branchMap":{"0":{"loc":{"start":{"line":3,"column":40},"end":{"line":3,"column":50}},"type":"default-arg","locations":[{"start":{"line":3,"column":48},"end":{"line":3,"column":50}}],"line":3}},"s":{"0":29,"1":1,"2":1,"3":1},"f":{"0":1,"1":1},"b":{"0":[0]},"_coverageSchema":"1a1c01bbd47fc00a2c39e90264f33305004495a9","hash":"ad490e3217b9112f34e0f24ca01529e7ec65ca34"}
,"C:\\Users\\Alvaro\\Desktop\\TFG\\TFG-App-Frontend\\src\\helpers\\convertTaskToDateTask.js": {"path":"C:\\Users\\Alvaro\\Desktop\\TFG\\TFG-App-Frontend\\src\\helpers\\convertTaskToDateTask.js","statementMap":{"0":{"start":{"line":3,"column":37},"end":{"line":9,"column":1}},"1":{"start":{"line":4,"column":1},"end":{"line":8,"column":4}},"2":{"start":{"line":5,"column":2},"end":{"line":5,"column":38}},"3":{"start":{"line":7,"column":2},"end":{"line":7,"column":14}}},"fnMap":{"0":{"name":"(anonymous_0)","decl":{"start":{"line":3,"column":37},"end":{"line":3,"column":38}},"loc":{"start":{"line":3,"column":53},"end":{"line":9,"column":1}},"line":3},"1":{"name":"(anonymous_1)","decl":{"start":{"line":4,"column":18},"end":{"line":4,"column":19}},"loc":{"start":{"line":4,"column":28},"end":{"line":8,"column":2}},"line":4}},"branchMap":{"0":{"loc":{"start":{"line":3,"column":38},"end":{"line":3,"column":48}},"type":"default-arg","locations":[{"start":{"line":3,"column":46},"end":{"line":3,"column":48}}],"line":3}},"s":{"0":20,"1":1,"2":1,"3":1},"f":{"0":1,"1":1},"b":{"0":[0]},"_coverageSchema":"1a1c01bbd47fc00a2c39e90264f33305004495a9","hash":"5b8d61d398e25ba52965af9498510807c2a7e38e"}
,"C:\\Users\\Alvaro\\Desktop\\TFG\\TFG-App-Frontend\\src\\helpers\\getMessages.js": {"path":"C:\\Users\\Alvaro\\Desktop\\TFG\\TFG-App-Frontend\\src\\helpers\\getMessages.js","statementMap":{"0":{"start":{"line":2,"column":29},"end":{"line":18,"column":1}},"1":{"start":{"line":3,"column":4},"end":{"line":17,"column":5}},"2":{"start":{"line":16,"column":27},"end":{"line":16,"column":49}}},"fnMap":{"0":{"name":"(anonymous_0)","decl":{"start":{"line":2,"column":29},"end":{"line":2,"column":30}},"loc":{"start":{"line":2,"column":35},"end":{"line":18,"column":1}},"line":2},"1":{"name":"(anonymous_1)","decl":{"start":{"line":16,"column":18},"end":{"line":16,"column":19}},"loc":{"start":{"line":16,"column":27},"end":{"line":16,"column":49}},"line":16}},"branchMap":{},"s":{"0":29,"1":1,"2":0},"f":{"0":1,"1":0},"b":{},"_coverageSchema":"1a1c01bbd47fc00a2c39e90264f33305004495a9","hash":"ae5acb721969c612620cf0dcec82667eb4e44c98"}
,"C:\\Users\\Alvaro\\Desktop\\TFG\\TFG-App-Frontend\\src\\helpers\\index.js": {"path":"C:\\Users\\Alvaro\\Desktop\\TFG\\TFG-App-Frontend\\src\\helpers\\index.js","statementMap":{},"fnMap":{},"branchMap":{},"s":{},"f":{},"b":{},"_coverageSchema":"1a1c01bbd47fc00a2c39e90264f33305004495a9","hash":"bf2229c5fc55cb8a1463aac2fdce5c8ed5cc2f04"}
,"C:\\Users\\Alvaro\\Desktop\\TFG\\TFG-App-Frontend\\src\\hooks\\index.js": {"path":"C:\\Users\\Alvaro\\Desktop\\TFG\\TFG-App-Frontend\\src\\hooks\\index.js","statementMap":{},"fnMap":{},"branchMap":{},"s":{},"f":{},"b":{},"_coverageSchema":"1a1c01bbd47fc00a2c39e90264f33305004495a9","hash":"c0302193781c17c6ef5dd7b1ac80e7aeb2228c34"}
,"C:\\Users\\Alvaro\\Desktop\\TFG\\TFG-App-Frontend\\src\\hooks\\useAuthStore.js": {"path":"C:\\Users\\Alvaro\\Desktop\\TFG\\TFG-App-Frontend\\src\\hooks\\useAuthStore.js","statementMap":{"0":{"start":{"line":15,"column":28},"end":{"line":110,"column":1}},"1":{"start":{"line":16,"column":18},"end":{"line":16,"column":31}},"2":{"start":{"line":17,"column":40},"end":{"line":17,"column":74}},"3":{"start":{"line":17,"column":63},"end":{"line":17,"column":73}},"4":{"start":{"line":19,"column":33},"end":{"line":22,"column":2}},"5":{"start":{"line":20,"column":2},"end":{"line":20,"column":39}},"6":{"start":{"line":21,"column":2},"end":{"line":21,"column":64}},"7":{"start":{"line":24,"column":20},"end":{"line":45,"column":2}},"8":{"start":{"line":25,"column":2},"end":{"line":25,"column":25}},"9":{"start":{"line":26,"column":2},"end":{"line":44,"column":3}},"10":{"start":{"line":27,"column":20},"end":{"line":27,"column":64}},"11":{"start":{"line":29,"column":3},"end":{"line":29,"column":45}},"12":{"start":{"line":31,"column":3},"end":{"line":31,"column":57}},"13":{"start":{"line":33,"column":3},"end":{"line":35,"column":5}},"14":{"start":{"line":36,"column":3},"end":{"line":40,"column":5}},"15":{"start":{"line":41,"column":3},"end":{"line":43,"column":10}},"16":{"start":{"line":42,"column":4},"end":{"line":42,"column":34}},"17":{"start":{"line":47,"column":23},"end":{"line":70,"column":2}},"18":{"start":{"line":48,"column":2},"end":{"line":48,"column":25}},"19":{"start":{"line":49,"column":2},"end":{"line":69,"column":3}},"20":{"start":{"line":50,"column":20},"end":{"line":50,"column":74}},"21":{"start":{"line":52,"column":3},"end":{"line":52,"column":45}},"22":{"start":{"line":54,"column":3},"end":{"line":54,"column":57}},"23":{"start":{"line":56,"column":3},"end":{"line":60,"column":5}},"24":{"start":{"line":61,"column":3},"end":{"line":65,"column":5}},"25":{"start":{"line":66,"column":3},"end":{"line":68,"column":10}},"26":{"start":{"line":67,"column":4},"end":{"line":67,"column":34}},"27":{"start":{"line":72,"column":24},"end":{"line":87,"column":2}},"28":{"start":{"line":73,"column":16},"end":{"line":73,"column":45}},"29":{"start":{"line":75,"column":2},"end":{"line":75,"column":42}},"30":{"start":{"line":75,"column":14},"end":{"line":75,"column":42}},"31":{"start":{"line":77,"column":2},"end":{"line":86,"column":3}},"32":{"start":{"line":78,"column":20},"end":{"line":78,"column":48}},"33":{"start":{"line":80,"column":3},"end":{"line":80,"column":45}},"34":{"start":{"line":82,"column":3},"end":{"line":82,"column":57}},"35":{"start":{"line":84,"column":3},"end":{"line":84,"column":24}},"36":{"start":{"line":85,"column":3},"end":{"line":85,"column":24}},"37":{"start":{"line":89,"column":21},"end":{"line":96,"column":2}},"38":{"start":{"line":90,"column":2},"end":{"line":90,"column":23}},"39":{"start":{"line":91,"column":2},"end":{"line":91,"column":25}},"40":{"start":{"line":92,"column":2},"end":{"line":92,"column":31}},"41":{"start":{"line":93,"column":2},"end":{"line":93,"column":28}},"42":{"start":{"line":94,"column":2},"end":{"line":94,"column":29}},"43":{"start":{"line":95,"column":2},"end":{"line":95,"column":23}},"44":{"start":{"line":98,"column":1},"end":{"line":109,"column":3}}},"fnMap":{"0":{"name":"(anonymous_0)","decl":{"start":{"line":15,"column":28},"end":{"line":15,"column":29}},"loc":{"start":{"line":15,"column":34},"end":{"line":110,"column":1}},"line":15},"1":{"name":"(anonymous_1)","decl":{"start":{"line":17,"column":52},"end":{"line":17,"column":53}},"loc":{"start":{"line":17,"column":63},"end":{"line":17,"column":73}},"line":17},"2":{"name":"(anonymous_2)","decl":{"start":{"line":19,"column":33},"end":{"line":19,"column":34}},"loc":{"start":{"line":19,"column":50},"end":{"line":22,"column":2}},"line":19},"3":{"name":"(anonymous_3)","decl":{"start":{"line":24,"column":20},"end":{"line":24,"column":21}},"loc":{"start":{"line":24,"column":51},"end":{"line":45,"column":2}},"line":24},"4":{"name":"(anonymous_4)","decl":{"start":{"line":41,"column":14},"end":{"line":41,"column":15}},"loc":{"start":{"line":41,"column":20},"end":{"line":43,"column":4}},"line":41},"5":{"name":"(anonymous_5)","decl":{"start":{"line":47,"column":23},"end":{"line":47,"column":24}},"loc":{"start":{"line":47,"column":60},"end":{"line":70,"column":2}},"line":47},"6":{"name":"(anonymous_6)","decl":{"start":{"line":66,"column":14},"end":{"line":66,"column":15}},"loc":{"start":{"line":66,"column":20},"end":{"line":68,"column":4}},"line":66},"7":{"name":"(anonymous_7)","decl":{"start":{"line":72,"column":24},"end":{"line":72,"column":25}},"loc":{"start":{"line":72,"column":36},"end":{"line":87,"column":2}},"line":72},"8":{"name":"(anonymous_8)","decl":{"start":{"line":89,"column":21},"end":{"line":89,"column":22}},"loc":{"start":{"line":89,"column":27},"end":{"line":96,"column":2}},"line":89}},"branchMap":{"0":{"loc":{"start":{"line":34,"column":13},"end":{"line":34,"column":68}},"type":"binary-expr","locations":[{"start":{"line":34,"column":13},"end":{"line":34,"column":38}},{"start":{"line":34,"column":42},"end":{"line":34,"column":68}}],"line":34},"1":{"loc":{"start":{"line":38,"column":4},"end":{"line":38,"column":59}},"type":"binary-expr","locations":[{"start":{"line":38,"column":4},"end":{"line":38,"column":29}},{"start":{"line":38,"column":33},"end":{"line":38,"column":59}}],"line":38},"2":{"loc":{"start":{"line":58,"column":5},"end":{"line":58,"column":69}},"type":"binary-expr","locations":[{"start":{"line":58,"column":5},"end":{"line":58,"column":30}},{"start":{"line":58,"column":34},"end":{"line":58,"column":69}}],"line":58},"3":{"loc":{"start":{"line":63,"column":4},"end":{"line":63,"column":68}},"type":"binary-expr","locations":[{"start":{"line":63,"column":4},"end":{"line":63,"column":29}},{"start":{"line":63,"column":33},"end":{"line":63,"column":68}}],"line":63},"4":{"loc":{"start":{"line":75,"column":2},"end":{"line":75,"column":42}},"type":"if","locations":[{"start":{"line":75,"column":2},"end":{"line":75,"column":42}},{"start":{},"end":{}}],"line":75}},"s":{"0":20,"1":11,"2":11,"3":19,"4":11,"5":3,"6":3,"7":11,"8":1,"9":1,"10":1,"11":1,"12":1,"13":0,"14":0,"15":0,"16":0,"17":11,"18":2,"19":2,"20":2,"21":1,"22":1,"23":1,"24":1,"25":1,"26":1,"27":11,"28":2,"29":2,"30":1,"31":1,"32":1,"33":1,"34":1,"35":0,"36":0,"37":11,"38":0,"39":0,"40":0,"41":0,"42":0,"43":0,"44":11},"f":{"0":11,"1":19,"2":3,"3":1,"4":0,"5":2,"6":1,"7":2,"8":0},"b":{"0":[0,0],"1":[0,0],"2":[1,0],"3":[1,0],"4":[1,1]},"_coverageSchema":"1a1c01bbd47fc00a2c39e90264f33305004495a9","hash":"e5705ffe65c860873c5817af615aca5bd75fd9a6"}
,"C:\\Users\\Alvaro\\Desktop\\TFG\\TFG-App-Frontend\\src\\hooks\\useCalendarStore.js": {"path":"C:\\Users\\Alvaro\\Desktop\\TFG\\TFG-App-Frontend\\src\\hooks\\useCalendarStore.js","statementMap":{"0":{"start":{"line":14,"column":32},"end":{"line":94,"column":1}},"1":{"start":{"line":15,"column":18},"end":{"line":15,"column":31}},"2":{"start":{"line":16,"column":33},"end":{"line":16,"column":71}},"3":{"start":{"line":16,"column":56},"end":{"line":16,"column":70}},"4":{"start":{"line":17,"column":18},"end":{"line":17,"column":52}},"5":{"start":{"line":17,"column":41},"end":{"line":17,"column":51}},"6":{"start":{"line":19,"column":24},"end":{"line":22,"column":2}},"7":{"start":{"line":20,"column":22},"end":{"line":20,"column":64}},"8":{"start":{"line":21,"column":2},"end":{"line":21,"column":48}},"9":{"start":{"line":24,"column":28},"end":{"line":36,"column":2}},"10":{"start":{"line":25,"column":2},"end":{"line":35,"column":3}},"11":{"start":{"line":26,"column":20},"end":{"line":26,"column":46}},"12":{"start":{"line":27,"column":18},"end":{"line":27,"column":57}},"13":{"start":{"line":28,"column":3},"end":{"line":28,"column":34}},"14":{"start":{"line":30,"column":3},"end":{"line":34,"column":5}},"15":{"start":{"line":38,"column":26},"end":{"line":58,"column":2}},"16":{"start":{"line":39,"column":2},"end":{"line":57,"column":3}},"17":{"start":{"line":40,"column":3},"end":{"line":49,"column":4}},"18":{"start":{"line":42,"column":4},"end":{"line":42,"column":66}},"19":{"start":{"line":44,"column":4},"end":{"line":44,"column":50}},"20":{"start":{"line":47,"column":21},"end":{"line":47,"column":63}},"21":{"start":{"line":48,"column":4},"end":{"line":48,"column":76}},"22":{"start":{"line":51,"column":3},"end":{"line":56,"column":5}},"23":{"start":{"line":60,"column":28},"end":{"line":72,"column":2}},"24":{"start":{"line":61,"column":2},"end":{"line":71,"column":3}},"25":{"start":{"line":62,"column":3},"end":{"line":62,"column":52}},"26":{"start":{"line":64,"column":3},"end":{"line":64,"column":29}},"27":{"start":{"line":66,"column":3},"end":{"line":70,"column":5}},"28":{"start":{"line":74,"column":24},"end":{"line":76,"column":2}},"29":{"start":{"line":75,"column":2},"end":{"line":75,"column":44}},"30":{"start":{"line":78,"column":25},"end":{"line":80,"column":2}},"31":{"start":{"line":79,"column":2},"end":{"line":79,"column":33}},"32":{"start":{"line":82,"column":1},"end":{"line":93,"column":3}},"33":{"start":{"line":101,"column":38},"end":{"line":101,"column":35754}},"34":{"start":{"line":101,"column":42},"end":{"line":101,"column":35743}},"35":{"start":{"line":101,"column":35779},"end":{"line":101,"column":35819}},"36":{"start":{"line":101,"column":35783},"end":{"line":101,"column":35808}},"37":{"start":{"line":101,"column":35820},"end":{"line":101,"column":35828}},"38":{"start":{"line":101,"column":35853},"end":{"line":101,"column":35895}},"39":{"start":{"line":101,"column":35857},"end":{"line":101,"column":35884}},"40":{"start":{"line":101,"column":35896},"end":{"line":101,"column":35904}},"41":{"start":{"line":101,"column":35923},"end":{"line":101,"column":35960}},"42":{"start":{"line":101,"column":35927},"end":{"line":101,"column":35949}},"43":{"start":{"line":101,"column":35979},"end":{"line":101,"column":36019}},"44":{"start":{"line":101,"column":35983},"end":{"line":101,"column":36008}}},"fnMap":{"0":{"name":"(anonymous_0)","decl":{"start":{"line":14,"column":32},"end":{"line":14,"column":33}},"loc":{"start":{"line":14,"column":38},"end":{"line":94,"column":1}},"line":14},"1":{"name":"(anonymous_1)","decl":{"start":{"line":16,"column":45},"end":{"line":16,"column":46}},"loc":{"start":{"line":16,"column":56},"end":{"line":16,"column":70}},"line":16},"2":{"name":"(anonymous_2)","decl":{"start":{"line":17,"column":30},"end":{"line":17,"column":31}},"loc":{"start":{"line":17,"column":41},"end":{"line":17,"column":51}},"line":17},"3":{"name":"(anonymous_3)","decl":{"start":{"line":19,"column":24},"end":{"line":19,"column":25}},"loc":{"start":{"line":19,"column":62},"end":{"line":22,"column":2}},"line":19},"4":{"name":"(anonymous_4)","decl":{"start":{"line":24,"column":28},"end":{"line":24,"column":29}},"loc":{"start":{"line":24,"column":40},"end":{"line":36,"column":2}},"line":24},"5":{"name":"(anonymous_5)","decl":{"start":{"line":38,"column":26},"end":{"line":38,"column":27}},"loc":{"start":{"line":38,"column":51},"end":{"line":58,"column":2}},"line":38},"6":{"name":"(anonymous_6)","decl":{"start":{"line":60,"column":28},"end":{"line":60,"column":29}},"loc":{"start":{"line":60,"column":40},"end":{"line":72,"column":2}},"line":60},"7":{"name":"(anonymous_7)","decl":{"start":{"line":74,"column":24},"end":{"line":74,"column":25}},"loc":{"start":{"line":74,"column":43},"end":{"line":76,"column":2}},"line":74},"8":{"name":"(anonymous_8)","decl":{"start":{"line":78,"column":25},"end":{"line":78,"column":26}},"loc":{"start":{"line":78,"column":31},"end":{"line":80,"column":2}},"line":78},"9":{"name":"oo_cm","decl":{"start":{"line":101,"column":30},"end":{"line":101,"column":35}},"loc":{"start":{"line":101,"column":37},"end":{"line":101,"column":35755}},"line":101},"10":{"name":"oo_oo","decl":{"start":{"line":101,"column":35765},"end":{"line":101,"column":35770}},"loc":{"start":{"line":101,"column":35778},"end":{"line":101,"column":35829}},"line":101},"11":{"name":"oo_tr","decl":{"start":{"line":101,"column":35839},"end":{"line":101,"column":35844}},"loc":{"start":{"line":101,"column":35852},"end":{"line":101,"column":35905}},"line":101},"12":{"name":"oo_ts","decl":{"start":{"line":101,"column":35915},"end":{"line":101,"column":35920}},"loc":{"start":{"line":101,"column":35922},"end":{"line":101,"column":35961}},"line":101},"13":{"name":"oo_te","decl":{"start":{"line":101,"column":35971},"end":{"line":101,"column":35976}},"loc":{"start":{"line":101,"column":35978},"end":{"line":101,"column":36020}},"line":101}},"branchMap":{"0":{"loc":{"start":{"line":40,"column":3},"end":{"line":49,"column":4}},"type":"if","locations":[{"start":{"line":40,"column":3},"end":{"line":49,"column":4}},{"start":{"line":45,"column":10},"end":{"line":49,"column":4}}],"line":40},"1":{"loc":{"start":{"line":54,"column":4},"end":{"line":55,"column":49}},"type":"binary-expr","locations":[{"start":{"line":54,"column":4},"end":{"line":54,"column":29}},{"start":{"line":55,"column":5},"end":{"line":55,"column":49}}],"line":54},"2":{"loc":{"start":{"line":69,"column":4},"end":{"line":69,"column":69}},"type":"binary-expr","locations":[{"start":{"line":69,"column":4},"end":{"line":69,"column":29}},{"start":{"line":69,"column":33},"end":{"line":69,"column":69}}],"line":69},"3":{"loc":{"start":{"line":101,"column":49},"end":{"line":101,"column":35742}},"type":"binary-expr","locations":[{"start":{"line":101,"column":49},"end":{"line":101,"column":86}},{"start":{"line":101,"column":90},"end":{"line":101,"column":35742}}],"line":101}},"s":{"0":20,"1":13,"2":13,"3":19,"4":13,"5":19,"6":13,"7":0,"8":0,"9":13,"10":1,"11":1,"12":1,"13":1,"14":0,"15":13,"16":2,"17":2,"18":1,"19":1,"20":1,"21":1,"22":0,"23":13,"24":1,"25":1,"26":1,"27":0,"28":13,"29":1,"30":13,"31":1,"32":13,"33":0,"34":0,"35":0,"36":0,"37":0,"38":0,"39":0,"40":0,"41":0,"42":0,"43":0,"44":0},"f":{"0":13,"1":19,"2":19,"3":0,"4":1,"5":2,"6":1,"7":1,"8":1,"9":0,"10":0,"11":0,"12":0,"13":0},"b":{"0":[1,1],"1":[0,0],"2":[0,0],"3":[0,0]},"_coverageSchema":"1a1c01bbd47fc00a2c39e90264f33305004495a9","hash":"af29cc35bedfe96a854495481e99663383828556"}
,"C:\\Users\\Alvaro\\Desktop\\TFG\\TFG-App-Frontend\\src\\hooks\\useForm.js": {"path":"C:\\Users\\Alvaro\\Desktop\\TFG\\TFG-App-Frontend\\src\\hooks\\useForm.js","statementMap":{"0":{"start":{"line":3,"column":23},"end":{"line":74,"column":1}},"1":{"start":{"line":4,"column":35},"end":{"line":4,"column":56}},"2":{"start":{"line":6,"column":1},"end":{"line":8,"column":19}},"3":{"start":{"line":7,"column":2},"end":{"line":7,"column":28}},"4":{"start":{"line":10,"column":23},"end":{"line":16,"column":2}},"5":{"start":{"line":11,"column":26},"end":{"line":11,"column":32}},"6":{"start":{"line":12,"column":2},"end":{"line":15,"column":5}},"7":{"start":{"line":18,"column":45},"end":{"line":18,"column":60}},"8":{"start":{"line":19,"column":45},"end":{"line":19,"column":60}},"9":{"start":{"line":20,"column":47},"end":{"line":20,"column":62}},"10":{"start":{"line":21,"column":47},"end":{"line":21,"column":62}},"11":{"start":{"line":22,"column":57},"end":{"line":22,"column":72}},"12":{"start":{"line":24,"column":30},"end":{"line":58,"column":2}},"13":{"start":{"line":25,"column":26},"end":{"line":25,"column":32}},"14":{"start":{"line":26,"column":2},"end":{"line":29,"column":5}},"15":{"start":{"line":31,"column":16},"end":{"line":31,"column":23}},"16":{"start":{"line":32,"column":16},"end":{"line":32,"column":23}},"17":{"start":{"line":33,"column":17},"end":{"line":33,"column":32}},"18":{"start":{"line":34,"column":17},"end":{"line":34,"column":21}},"19":{"start":{"line":35,"column":18},"end":{"line":35,"column":30}},"20":{"start":{"line":37,"column":2},"end":{"line":37,"column":27}},"21":{"start":{"line":38,"column":2},"end":{"line":38,"column":27}},"22":{"start":{"line":39,"column":2},"end":{"line":39,"column":28}},"23":{"start":{"line":40,"column":2},"end":{"line":40,"column":28}},"24":{"start":{"line":41,"column":2},"end":{"line":41,"column":33}},"25":{"start":{"line":43,"column":2},"end":{"line":45,"column":3}},"26":{"start":{"line":44,"column":3},"end":{"line":44,"column":27}},"27":{"start":{"line":46,"column":2},"end":{"line":48,"column":3}},"28":{"start":{"line":47,"column":3},"end":{"line":47,"column":27}},"29":{"start":{"line":49,"column":2},"end":{"line":51,"column":3}},"30":{"start":{"line":50,"column":3},"end":{"line":50,"column":28}},"31":{"start":{"line":52,"column":2},"end":{"line":54,"column":3}},"32":{"start":{"line":53,"column":3},"end":{"line":53,"column":28}},"33":{"start":{"line":55,"column":2},"end":{"line":57,"column":3}},"34":{"start":{"line":56,"column":3},"end":{"line":56,"column":33}},"35":{"start":{"line":60,"column":1},"end":{"line":73,"column":3}}},"fnMap":{"0":{"name":"(anonymous_0)","decl":{"start":{"line":3,"column":23},"end":{"line":3,"column":24}},"loc":{"start":{"line":3,"column":45},"end":{"line":74,"column":1}},"line":3},"1":{"name":"(anonymous_1)","decl":{"start":{"line":6,"column":11},"end":{"line":6,"column":12}},"loc":{"start":{"line":6,"column":17},"end":{"line":8,"column":2}},"line":6},"2":{"name":"(anonymous_2)","decl":{"start":{"line":10,"column":23},"end":{"line":10,"column":24}},"loc":{"start":{"line":10,"column":39},"end":{"line":16,"column":2}},"line":10},"3":{"name":"(anonymous_3)","decl":{"start":{"line":24,"column":30},"end":{"line":24,"column":31}},"loc":{"start":{"line":24,"column":46},"end":{"line":58,"column":2}},"line":24}},"branchMap":{"0":{"loc":{"start":{"line":3,"column":24},"end":{"line":3,"column":40}},"type":"default-arg","locations":[{"start":{"line":3,"column":38},"end":{"line":3,"column":40}}],"line":3},"1":{"loc":{"start":{"line":43,"column":2},"end":{"line":45,"column":3}},"type":"if","locations":[{"start":{"line":43,"column":2},"end":{"line":45,"column":3}},{"start":{},"end":{}}],"line":43},"2":{"loc":{"start":{"line":46,"column":2},"end":{"line":48,"column":3}},"type":"if","locations":[{"start":{"line":46,"column":2},"end":{"line":48,"column":3}},{"start":{},"end":{}}],"line":46},"3":{"loc":{"start":{"line":49,"column":2},"end":{"line":51,"column":3}},"type":"if","locations":[{"start":{"line":49,"column":2},"end":{"line":51,"column":3}},{"start":{},"end":{}}],"line":49},"4":{"loc":{"start":{"line":52,"column":2},"end":{"line":54,"column":3}},"type":"if","locations":[{"start":{"line":52,"column":2},"end":{"line":54,"column":3}},{"start":{},"end":{}}],"line":52},"5":{"loc":{"start":{"line":55,"column":2},"end":{"line":57,"column":3}},"type":"if","locations":[{"start":{"line":55,"column":2},"end":{"line":57,"column":3}},{"start":{},"end":{}}],"line":55}},"s":{"0":21,"1":13,"2":13,"3":9,"4":13,"5":2,"6":2,"7":13,"8":13,"9":13,"10":13,"11":13,"12":13,"13":1,"14":1,"15":1,"16":1,"17":1,"18":1,"19":1,"20":1,"21":1,"22":1,"23":1,"24":1,"25":1,"26":1,"27":1,"28":1,"29":1,"30":1,"31":1,"32":1,"33":1,"34":1,"35":13},"f":{"0":13,"1":9,"2":2,"3":1},"b":{"0":[0],"1":[1,0],"2":[1,0],"3":[1,0],"4":[1,0],"5":[1,0]},"_coverageSchema":"1a1c01bbd47fc00a2c39e90264f33305004495a9","hash":"dbce99fa2bbc4d65ceb9a86553d18856f3a0487b"}
,"C:\\Users\\Alvaro\\Desktop\\TFG\\TFG-App-Frontend\\src\\hooks\\useKanbanStore.js": {"path":"C:\\Users\\Alvaro\\Desktop\\TFG\\TFG-App-Frontend\\src\\hooks\\useKanbanStore.js","statementMap":{"0":{"start":{"line":15,"column":30},"end":{"line":127,"column":1}},"1":{"start":{"line":16,"column":18},"end":{"line":16,"column":31}},"2":{"start":{"line":17,"column":31},"end":{"line":17,"column":67}},"3":{"start":{"line":17,"column":54},"end":{"line":17,"column":66}},"4":{"start":{"line":18,"column":18},"end":{"line":18,"column":52}},"5":{"start":{"line":18,"column":41},"end":{"line":18,"column":51}},"6":{"start":{"line":20,"column":27},"end":{"line":34,"column":2}},"7":{"start":{"line":21,"column":2},"end":{"line":33,"column":3}},"8":{"start":{"line":22,"column":20},"end":{"line":22,"column":44}},"9":{"start":{"line":23,"column":17},"end":{"line":23,"column":50}},"10":{"start":{"line":25,"column":3},"end":{"line":25,"column":32}},"11":{"start":{"line":27,"column":23},"end":{"line":27,"column":65}},"12":{"start":{"line":28,"column":3},"end":{"line":32,"column":5}},"13":{"start":{"line":36,"column":23},"end":{"line":38,"column":2}},"14":{"start":{"line":37,"column":2},"end":{"line":37,"column":34}},"15":{"start":{"line":40,"column":24},"end":{"line":42,"column":2}},"16":{"start":{"line":41,"column":2},"end":{"line":41,"column":31}},"17":{"start":{"line":44,"column":25},"end":{"line":66,"column":2}},"18":{"start":{"line":45,"column":2},"end":{"line":65,"column":3}},"19":{"start":{"line":46,"column":3},"end":{"line":57,"column":4}},"20":{"start":{"line":48,"column":24},"end":{"line":50,"column":5}},"21":{"start":{"line":52,"column":4},"end":{"line":52,"column":34}},"22":{"start":{"line":55,"column":21},"end":{"line":55,"column":52}},"23":{"start":{"line":56,"column":4},"end":{"line":56,"column":64}},"24":{"start":{"line":59,"column":23},"end":{"line":59,"column":65}},"25":{"start":{"line":60,"column":3},"end":{"line":64,"column":5}},"26":{"start":{"line":68,"column":20},"end":{"line":81,"column":2}},"27":{"start":{"line":69,"column":2},"end":{"line":80,"column":3}},"28":{"start":{"line":70,"column":3},"end":{"line":70,"column":45}},"29":{"start":{"line":72,"column":3},"end":{"line":72,"column":39}},"30":{"start":{"line":74,"column":23},"end":{"line":74,"column":65}},"31":{"start":{"line":75,"column":3},"end":{"line":79,"column":5}},"32":{"start":{"line":83,"column":25},"end":{"line":96,"column":2}},"33":{"start":{"line":84,"column":2},"end":{"line":95,"column":3}},"34":{"start":{"line":85,"column":3},"end":{"line":85,"column":44}},"35":{"start":{"line":87,"column":3},"end":{"line":87,"column":34}},"36":{"start":{"line":89,"column":23},"end":{"line":89,"column":65}},"37":{"start":{"line":90,"column":3},"end":{"line":94,"column":5}},"38":{"start":{"line":98,"column":35},"end":{"line":111,"column":2}},"39":{"start":{"line":99,"column":2},"end":{"line":110,"column":3}},"40":{"start":{"line":100,"column":3},"end":{"line":100,"column":47}},"41":{"start":{"line":102,"column":3},"end":{"line":102,"column":36}},"42":{"start":{"line":104,"column":23},"end":{"line":104,"column":65}},"43":{"start":{"line":105,"column":3},"end":{"line":109,"column":5}},"44":{"start":{"line":113,"column":1},"end":{"line":126,"column":3}},"45":{"start":{"line":134,"column":38},"end":{"line":134,"column":35754}},"46":{"start":{"line":134,"column":42},"end":{"line":134,"column":35743}},"47":{"start":{"line":134,"column":35779},"end":{"line":134,"column":35819}},"48":{"start":{"line":134,"column":35783},"end":{"line":134,"column":35808}},"49":{"start":{"line":134,"column":35820},"end":{"line":134,"column":35828}},"50":{"start":{"line":134,"column":35853},"end":{"line":134,"column":35895}},"51":{"start":{"line":134,"column":35857},"end":{"line":134,"column":35884}},"52":{"start":{"line":134,"column":35896},"end":{"line":134,"column":35904}},"53":{"start":{"line":134,"column":35923},"end":{"line":134,"column":35960}},"54":{"start":{"line":134,"column":35927},"end":{"line":134,"column":35949}},"55":{"start":{"line":134,"column":35979},"end":{"line":134,"column":36019}},"56":{"start":{"line":134,"column":35983},"end":{"line":134,"column":36008}}},"fnMap":{"0":{"name":"(anonymous_0)","decl":{"start":{"line":15,"column":30},"end":{"line":15,"column":31}},"loc":{"start":{"line":15,"column":36},"end":{"line":127,"column":1}},"line":15},"1":{"name":"(anonymous_1)","decl":{"start":{"line":17,"column":43},"end":{"line":17,"column":44}},"loc":{"start":{"line":17,"column":54},"end":{"line":17,"column":66}},"line":17},"2":{"name":"(anonymous_2)","decl":{"start":{"line":18,"column":30},"end":{"line":18,"column":31}},"loc":{"start":{"line":18,"column":41},"end":{"line":18,"column":51}},"line":18},"3":{"name":"(anonymous_3)","decl":{"start":{"line":20,"column":27},"end":{"line":20,"column":28}},"loc":{"start":{"line":20,"column":39},"end":{"line":34,"column":2}},"line":20},"4":{"name":"(anonymous_4)","decl":{"start":{"line":36,"column":23},"end":{"line":36,"column":24}},"loc":{"start":{"line":36,"column":33},"end":{"line":38,"column":2}},"line":36},"5":{"name":"(anonymous_5)","decl":{"start":{"line":40,"column":24},"end":{"line":40,"column":25}},"loc":{"start":{"line":40,"column":30},"end":{"line":42,"column":2}},"line":40},"6":{"name":"(anonymous_6)","decl":{"start":{"line":44,"column":25},"end":{"line":44,"column":26}},"loc":{"start":{"line":44,"column":41},"end":{"line":66,"column":2}},"line":44},"7":{"name":"(anonymous_7)","decl":{"start":{"line":68,"column":20},"end":{"line":68,"column":21}},"loc":{"start":{"line":68,"column":36},"end":{"line":81,"column":2}},"line":68},"8":{"name":"(anonymous_8)","decl":{"start":{"line":83,"column":25},"end":{"line":83,"column":26}},"loc":{"start":{"line":83,"column":39},"end":{"line":96,"column":2}},"line":83},"9":{"name":"(anonymous_9)","decl":{"start":{"line":98,"column":35},"end":{"line":98,"column":36}},"loc":{"start":{"line":98,"column":47},"end":{"line":111,"column":2}},"line":98},"10":{"name":"oo_cm","decl":{"start":{"line":134,"column":30},"end":{"line":134,"column":35}},"loc":{"start":{"line":134,"column":37},"end":{"line":134,"column":35755}},"line":134},"11":{"name":"oo_oo","decl":{"start":{"line":134,"column":35765},"end":{"line":134,"column":35770}},"loc":{"start":{"line":134,"column":35778},"end":{"line":134,"column":35829}},"line":134},"12":{"name":"oo_tr","decl":{"start":{"line":134,"column":35839},"end":{"line":134,"column":35844}},"loc":{"start":{"line":134,"column":35852},"end":{"line":134,"column":35905}},"line":134},"13":{"name":"oo_ts","decl":{"start":{"line":134,"column":35915},"end":{"line":134,"column":35920}},"loc":{"start":{"line":134,"column":35922},"end":{"line":134,"column":35961}},"line":134},"14":{"name":"oo_te","decl":{"start":{"line":134,"column":35971},"end":{"line":134,"column":35976}},"loc":{"start":{"line":134,"column":35978},"end":{"line":134,"column":36020}},"line":134}},"branchMap":{"0":{"loc":{"start":{"line":46,"column":3},"end":{"line":57,"column":4}},"type":"if","locations":[{"start":{"line":46,"column":3},"end":{"line":57,"column":4}},{"start":{"line":53,"column":10},"end":{"line":57,"column":4}}],"line":46},"1":{"loc":{"start":{"line":62,"column":4},"end":{"line":62,"column":65}},"type":"binary-expr","locations":[{"start":{"line":62,"column":4},"end":{"line":62,"column":29}},{"start":{"line":62,"column":33},"end":{"line":62,"column":65}}],"line":62},"2":{"loc":{"start":{"line":77,"column":4},"end":{"line":77,"column":65}},"type":"binary-expr","locations":[{"start":{"line":77,"column":4},"end":{"line":77,"column":29}},{"start":{"line":77,"column":33},"end":{"line":77,"column":65}}],"line":77},"3":{"loc":{"start":{"line":92,"column":4},"end":{"line":92,"column":68}},"type":"binary-expr","locations":[{"start":{"line":92,"column":4},"end":{"line":92,"column":29}},{"start":{"line":92,"column":33},"end":{"line":92,"column":68}}],"line":92},"4":{"loc":{"start":{"line":134,"column":49},"end":{"line":134,"column":35742}},"type":"binary-expr","locations":[{"start":{"line":134,"column":49},"end":{"line":134,"column":86}},{"start":{"line":134,"column":90},"end":{"line":134,"column":35742}}],"line":134}},"s":{"0":20,"1":13,"2":13,"3":19,"4":13,"5":19,"6":13,"7":1,"8":1,"9":1,"10":1,"11":0,"12":0,"13":13,"14":1,"15":13,"16":1,"17":13,"18":2,"19":2,"20":1,"21":1,"22":1,"23":1,"24":0,"25":0,"26":13,"27":1,"28":1,"29":1,"30":0,"31":0,"32":13,"33":0,"34":0,"35":0,"36":0,"37":0,"38":13,"39":1,"40":1,"41":1,"42":0,"43":0,"44":13,"45":0,"46":0,"47":0,"48":0,"49":0,"50":0,"51":0,"52":0,"53":0,"54":0,"55":0,"56":0},"f":{"0":13,"1":19,"2":19,"3":1,"4":1,"5":1,"6":2,"7":1,"8":0,"9":1,"10":0,"11":0,"12":0,"13":0,"14":0},"b":{"0":[1,1],"1":[0,0],"2":[0,0],"3":[0,0],"4":[0,0]},"_coverageSchema":"1a1c01bbd47fc00a2c39e90264f33305004495a9","hash":"37f754d77a0a0a7474c5f30ec949fc2ada95737a"}
,"C:\\Users\\Alvaro\\Desktop\\TFG\\TFG-App-Frontend\\src\\hooks\\useNoteStore.js": {"path":"C:\\Users\\Alvaro\\Desktop\\TFG\\TFG-App-Frontend\\src\\hooks\\useNoteStore.js","statementMap":{"0":{"start":{"line":14,"column":28},"end":{"line":117,"column":1}},"1":{"start":{"line":15,"column":18},"end":{"line":15,"column":31}},"2":{"start":{"line":16,"column":47},"end":{"line":18,"column":2}},"3":{"start":{"line":17,"column":13},"end":{"line":17,"column":24}},"4":{"start":{"line":19,"column":18},"end":{"line":19,"column":52}},"5":{"start":{"line":19,"column":41},"end":{"line":19,"column":51}},"6":{"start":{"line":21,"column":23},"end":{"line":23,"column":2}},"7":{"start":{"line":22,"column":2},"end":{"line":22,"column":34}},"8":{"start":{"line":25,"column":26},"end":{"line":33,"column":2}},"9":{"start":{"line":26,"column":15},"end":{"line":31,"column":3}},"10":{"start":{"line":32,"column":2},"end":{"line":32,"column":34}},"11":{"start":{"line":35,"column":26},"end":{"line":49,"column":2}},"12":{"start":{"line":36,"column":2},"end":{"line":48,"column":3}},"13":{"start":{"line":37,"column":20},"end":{"line":37,"column":43}},"14":{"start":{"line":38,"column":17},"end":{"line":38,"column":52}},"15":{"start":{"line":40,"column":3},"end":{"line":40,"column":31}},"16":{"start":{"line":42,"column":23},"end":{"line":42,"column":65}},"17":{"start":{"line":43,"column":3},"end":{"line":47,"column":5}},"18":{"start":{"line":51,"column":25},"end":{"line":80,"column":2}},"19":{"start":{"line":52,"column":2},"end":{"line":79,"column":3}},"20":{"start":{"line":53,"column":3},"end":{"line":69,"column":4}},"21":{"start":{"line":55,"column":24},"end":{"line":58,"column":5}},"22":{"start":{"line":61,"column":4},"end":{"line":61,"column":52}},"23":{"start":{"line":63,"column":4},"end":{"line":63,"column":47}},"24":{"start":{"line":66,"column":21},"end":{"line":66,"column":51}},"25":{"start":{"line":68,"column":4},"end":{"line":68,"column":64}},"26":{"start":{"line":71,"column":3},"end":{"line":71,"column":22}},"27":{"start":{"line":73,"column":23},"end":{"line":73,"column":65}},"28":{"start":{"line":74,"column":3},"end":{"line":78,"column":5}},"29":{"start":{"line":82,"column":27},"end":{"line":97,"column":2}},"30":{"start":{"line":83,"column":2},"end":{"line":96,"column":3}},"31":{"start":{"line":84,"column":3},"end":{"line":84,"column":47}},"32":{"start":{"line":86,"column":3},"end":{"line":86,"column":28}},"33":{"start":{"line":88,"column":3},"end":{"line":88,"column":22}},"34":{"start":{"line":90,"column":23},"end":{"line":90,"column":65}},"35":{"start":{"line":91,"column":3},"end":{"line":95,"column":5}},"36":{"start":{"line":99,"column":25},"end":{"line":101,"column":2}},"37":{"start":{"line":100,"column":2},"end":{"line":100,"column":32}},"38":{"start":{"line":103,"column":1},"end":{"line":116,"column":3}},"39":{"start":{"line":124,"column":38},"end":{"line":124,"column":35754}},"40":{"start":{"line":124,"column":42},"end":{"line":124,"column":35743}},"41":{"start":{"line":124,"column":35779},"end":{"line":124,"column":35819}},"42":{"start":{"line":124,"column":35783},"end":{"line":124,"column":35808}},"43":{"start":{"line":124,"column":35820},"end":{"line":124,"column":35828}},"44":{"start":{"line":124,"column":35853},"end":{"line":124,"column":35895}},"45":{"start":{"line":124,"column":35857},"end":{"line":124,"column":35884}},"46":{"start":{"line":124,"column":35896},"end":{"line":124,"column":35904}},"47":{"start":{"line":124,"column":35923},"end":{"line":124,"column":35960}},"48":{"start":{"line":124,"column":35927},"end":{"line":124,"column":35949}},"49":{"start":{"line":124,"column":35979},"end":{"line":124,"column":36019}},"50":{"start":{"line":124,"column":35983},"end":{"line":124,"column":36008}}},"fnMap":{"0":{"name":"(anonymous_0)","decl":{"start":{"line":14,"column":28},"end":{"line":14,"column":29}},"loc":{"start":{"line":14,"column":34},"end":{"line":117,"column":1}},"line":14},"1":{"name":"(anonymous_1)","decl":{"start":{"line":17,"column":2},"end":{"line":17,"column":3}},"loc":{"start":{"line":17,"column":13},"end":{"line":17,"column":24}},"line":17},"2":{"name":"(anonymous_2)","decl":{"start":{"line":19,"column":30},"end":{"line":19,"column":31}},"loc":{"start":{"line":19,"column":41},"end":{"line":19,"column":51}},"line":19},"3":{"name":"(anonymous_3)","decl":{"start":{"line":21,"column":23},"end":{"line":21,"column":24}},"loc":{"start":{"line":21,"column":33},"end":{"line":23,"column":2}},"line":21},"4":{"name":"(anonymous_4)","decl":{"start":{"line":25,"column":26},"end":{"line":25,"column":27}},"loc":{"start":{"line":25,"column":32},"end":{"line":33,"column":2}},"line":25},"5":{"name":"(anonymous_5)","decl":{"start":{"line":35,"column":26},"end":{"line":35,"column":27}},"loc":{"start":{"line":35,"column":38},"end":{"line":49,"column":2}},"line":35},"6":{"name":"(anonymous_6)","decl":{"start":{"line":51,"column":25},"end":{"line":51,"column":26}},"loc":{"start":{"line":51,"column":41},"end":{"line":80,"column":2}},"line":51},"7":{"name":"(anonymous_7)","decl":{"start":{"line":82,"column":27},"end":{"line":82,"column":28}},"loc":{"start":{"line":82,"column":39},"end":{"line":97,"column":2}},"line":82},"8":{"name":"(anonymous_8)","decl":{"start":{"line":99,"column":25},"end":{"line":99,"column":26}},"loc":{"start":{"line":99,"column":31},"end":{"line":101,"column":2}},"line":99},"9":{"name":"oo_cm","decl":{"start":{"line":124,"column":30},"end":{"line":124,"column":35}},"loc":{"start":{"line":124,"column":37},"end":{"line":124,"column":35755}},"line":124},"10":{"name":"oo_oo","decl":{"start":{"line":124,"column":35765},"end":{"line":124,"column":35770}},"loc":{"start":{"line":124,"column":35778},"end":{"line":124,"column":35829}},"line":124},"11":{"name":"oo_tr","decl":{"start":{"line":124,"column":35839},"end":{"line":124,"column":35844}},"loc":{"start":{"line":124,"column":35852},"end":{"line":124,"column":35905}},"line":124},"12":{"name":"oo_ts","decl":{"start":{"line":124,"column":35915},"end":{"line":124,"column":35920}},"loc":{"start":{"line":124,"column":35922},"end":{"line":124,"column":35961}},"line":124},"13":{"name":"oo_te","decl":{"start":{"line":124,"column":35971},"end":{"line":124,"column":35976}},"loc":{"start":{"line":124,"column":35978},"end":{"line":124,"column":36020}},"line":124}},"branchMap":{"0":{"loc":{"start":{"line":53,"column":3},"end":{"line":69,"column":4}},"type":"if","locations":[{"start":{"line":53,"column":3},"end":{"line":69,"column":4}},{"start":{"line":64,"column":10},"end":{"line":69,"column":4}}],"line":53},"1":{"loc":{"start":{"line":76,"column":4},"end":{"line":76,"column":75}},"type":"binary-expr","locations":[{"start":{"line":76,"column":4},"end":{"line":76,"column":29}},{"start":{"line":76,"column":33},"end":{"line":76,"column":75}}],"line":76},"2":{"loc":{"start":{"line":93,"column":4},"end":{"line":93,"column":66}},"type":"binary-expr","locations":[{"start":{"line":93,"column":4},"end":{"line":93,"column":28}},{"start":{"line":93,"column":32},"end":{"line":93,"column":66}}],"line":93},"3":{"loc":{"start":{"line":124,"column":49},"end":{"line":124,"column":35742}},"type":"binary-expr","locations":[{"start":{"line":124,"column":49},"end":{"line":124,"column":86}},{"start":{"line":124,"column":90},"end":{"line":124,"column":35742}}],"line":124}},"s":{"0":20,"1":15,"2":15,"3":25,"4":15,"5":25,"6":15,"7":1,"8":15,"9":4,"10":4,"11":15,"12":1,"13":1,"14":1,"15":1,"16":0,"17":0,"18":15,"19":2,"20":2,"21":1,"22":1,"23":1,"24":1,"25":1,"26":2,"27":0,"28":0,"29":15,"30":1,"31":1,"32":1,"33":1,"34":0,"35":0,"36":15,"37":1,"38":15,"39":0,"40":0,"41":0,"42":0,"43":0,"44":0,"45":0,"46":0,"47":0,"48":0,"49":0,"50":0},"f":{"0":15,"1":25,"2":25,"3":1,"4":4,"5":1,"6":2,"7":1,"8":1,"9":0,"10":0,"11":0,"12":0,"13":0},"b":{"0":[1,1],"1":[0,0],"2":[0,0],"3":[0,0]},"_coverageSchema":"1a1c01bbd47fc00a2c39e90264f33305004495a9","hash":"ecb9c9edab5e63440f4cb4481c5b90721a32c2ea"}
,"C:\\Users\\Alvaro\\Desktop\\TFG\\TFG-App-Frontend\\src\\hooks\\useUiStore.js": {"path":"C:\\Users\\Alvaro\\Desktop\\TFG\\TFG-App-Frontend\\src\\hooks\\useUiStore.js","statementMap":{"0":{"start":{"line":9,"column":26},"end":{"line":42,"column":1}},"1":{"start":{"line":10,"column":18},"end":{"line":10,"column":31}},"2":{"start":{"line":11,"column":52},"end":{"line":13,"column":2}},"3":{"start":{"line":12,"column":13},"end":{"line":12,"column":21}},"4":{"start":{"line":15,"column":27},"end":{"line":17,"column":2}},"5":{"start":{"line":16,"column":2},"end":{"line":16,"column":34}},"6":{"start":{"line":19,"column":28},"end":{"line":21,"column":2}},"7":{"start":{"line":20,"column":2},"end":{"line":20,"column":35}},"8":{"start":{"line":23,"column":25},"end":{"line":25,"column":2}},"9":{"start":{"line":24,"column":2},"end":{"line":24,"column":32}},"10":{"start":{"line":27,"column":26},"end":{"line":29,"column":2}},"11":{"start":{"line":28,"column":2},"end":{"line":28,"column":33}},"12":{"start":{"line":31,"column":1},"end":{"line":41,"column":3}}},"fnMap":{"0":{"name":"(anonymous_0)","decl":{"start":{"line":9,"column":26},"end":{"line":9,"column":27}},"loc":{"start":{"line":9,"column":32},"end":{"line":42,"column":1}},"line":9},"1":{"name":"(anonymous_1)","decl":{"start":{"line":12,"column":2},"end":{"line":12,"column":3}},"loc":{"start":{"line":12,"column":13},"end":{"line":12,"column":21}},"line":12},"2":{"name":"(anonymous_2)","decl":{"start":{"line":15,"column":27},"end":{"line":15,"column":28}},"loc":{"start":{"line":15,"column":33},"end":{"line":17,"column":2}},"line":15},"3":{"name":"(anonymous_3)","decl":{"start":{"line":19,"column":28},"end":{"line":19,"column":29}},"loc":{"start":{"line":19,"column":34},"end":{"line":21,"column":2}},"line":19},"4":{"name":"(anonymous_4)","decl":{"start":{"line":23,"column":25},"end":{"line":23,"column":26}},"loc":{"start":{"line":23,"column":31},"end":{"line":25,"column":2}},"line":23},"5":{"name":"(anonymous_5)","decl":{"start":{"line":27,"column":26},"end":{"line":27,"column":27}},"loc":{"start":{"line":27,"column":32},"end":{"line":29,"column":2}},"line":27}},"branchMap":{},"s":{"0":20,"1":17,"2":17,"3":19,"4":17,"5":1,"6":17,"7":1,"8":17,"9":1,"10":17,"11":1,"12":17},"f":{"0":17,"1":19,"2":1,"3":1,"4":1,"5":1},"b":{},"_coverageSchema":"1a1c01bbd47fc00a2c39e90264f33305004495a9","hash":"3cd9209871562d28763e6cbbe2d7ebdda966a080"}
,"C:\\Users\\Alvaro\\Desktop\\TFG\\TFG-App-Frontend\\src\\kanban\\index.js": {"path":"C:\\Users\\Alvaro\\Desktop\\TFG\\TFG-App-Frontend\\src\\kanban\\index.js","statementMap":{},"fnMap":{},"branchMap":{},"s":{},"f":{},"b":{},"_coverageSchema":"1a1c01bbd47fc00a2c39e90264f33305004495a9","hash":"c08ec66ef11dcbb2286c6c1caaff2efb88c87c41"}
,"C:\\Users\\Alvaro\\Desktop\\TFG\\TFG-App-Frontend\\src\\kanban\\components\\CardItem.jsx": {"path":"C:\\Users\\Alvaro\\Desktop\\TFG\\TFG-App-Frontend\\src\\kanban\\components\\CardItem.jsx","statementMap":{"0":{"start":{"line":9,"column":24},"end":{"line":63,"column":1}},"1":{"start":{"line":10,"column":44},"end":{"line":10,"column":60}},"2":{"start":{"line":11,"column":29},"end":{"line":11,"column":41}},"3":{"start":{"line":13,"column":31},"end":{"line":16,"column":2}},"4":{"start":{"line":14,"column":2},"end":{"line":14,"column":22}},"5":{"start":{"line":15,"column":2},"end":{"line":15,"column":20}},"6":{"start":{"line":18,"column":26},"end":{"line":21,"column":2}},"7":{"start":{"line":19,"column":2},"end":{"line":19,"column":26}},"8":{"start":{"line":20,"column":2},"end":{"line":20,"column":27}},"9":{"start":{"line":23,"column":18},"end":{"line":27,"column":17}},"10":{"start":{"line":24,"column":2},"end":{"line":26,"column":16}},"11":{"start":{"line":29,"column":1},"end":{"line":62,"column":3}},"12":{"start":{"line":32,"column":4},"end":{"line":59,"column":10}}},"fnMap":{"0":{"name":"(anonymous_0)","decl":{"start":{"line":9,"column":24},"end":{"line":9,"column":25}},"loc":{"start":{"line":9,"column":50},"end":{"line":63,"column":1}},"line":9},"1":{"name":"(anonymous_1)","decl":{"start":{"line":13,"column":31},"end":{"line":13,"column":32}},"loc":{"start":{"line":13,"column":37},"end":{"line":16,"column":2}},"line":13},"2":{"name":"(anonymous_2)","decl":{"start":{"line":18,"column":26},"end":{"line":18,"column":27}},"loc":{"start":{"line":18,"column":37},"end":{"line":21,"column":2}},"line":18},"3":{"name":"(anonymous_3)","decl":{"start":{"line":23,"column":26},"end":{"line":23,"column":27}},"loc":{"start":{"line":23,"column":32},"end":{"line":27,"column":2}},"line":23},"4":{"name":"(anonymous_4)","decl":{"start":{"line":31,"column":4},"end":{"line":31,"column":5}},"loc":{"start":{"line":32,"column":4},"end":{"line":59,"column":10}},"line":32}},"branchMap":{"0":{"loc":{"start":{"line":9,"column":27},"end":{"line":9,"column":36}},"type":"default-arg","locations":[{"start":{"line":9,"column":34},"end":{"line":9,"column":36}}],"line":9},"1":{"loc":{"start":{"line":24,"column":9},"end":{"line":26,"column":15}},"type":"cond-expr","locations":[{"start":{"line":25,"column":5},"end":{"line":25,"column":46}},{"start":{"line":26,"column":5},"end":{"line":26,"column":15}}],"line":24},"2":{"loc":{"start":{"line":34,"column":6},"end":{"line":36,"column":25}},"type":"cond-expr","locations":[{"start":{"line":35,"column":9},"end":{"line":35,"column":33}},{"start":{"line":36,"column":9},"end":{"line":36,"column":25}}],"line":34},"3":{"loc":{"start":{"line":44,"column":31},"end":{"line":44,"column":68}},"type":"binary-expr","locations":[{"start":{"line":44,"column":31},"end":{"line":44,"column":58}},{"start":{"line":44,"column":62},"end":{"line":44,"column":68}}],"line":44},"4":{"loc":{"start":{"line":56,"column":6},"end":{"line":58,"column":6}},"type":"binary-expr","locations":[{"start":{"line":56,"column":6},"end":{"line":56,"column":54}},{"start":{"line":57,"column":6},"end":{"line":57,"column":35}}],"line":56}},"s":{"0":5,"1":8,"2":8,"3":8,"4":1,"5":1,"6":8,"7":1,"8":1,"9":8,"10":8,"11":8,"12":8},"f":{"0":8,"1":1,"2":1,"3":8,"4":8},"b":{"0":[0],"1":[0,8],"2":[0,8],"3":[8,1],"4":[8,0]},"_coverageSchema":"1a1c01bbd47fc00a2c39e90264f33305004495a9","hash":"88d728469541231d0e2f64fbcde35ee55c376bf4"}
[...]
,"C:\\Users\\Alvaro\\Desktop\\TFG\\TFG-App-Frontend\\src\\store\\kanban\\kanbanSlice.js": {"path":"C:\\Users\\Alvaro\\Desktop\\TFG\\TFG-App-Frontend\\src\\store\\kanban\\kanbanSlice.js","statementMap":{"0":{"start":{"line":4,"column":27},"end":{"line":42,"column":2}},"1":{"start":{"line":12,"column":3},"end":{"line":12,"column":25}},"2":{"start":{"line":15,"column":3},"end":{"line":15,"column":30}},"3":{"start":{"line":18,"column":3},"end":{"line":18,"column":27}},"4":{"start":{"line":21,"column":3},"end":{"line":21,"column":29}},"5":{"start":{"line":24,"column":3},"end":{"line":29,"column":6}},"6":{"start":{"line":25,"column":4},"end":{"line":27,"column":5}},"7":{"start":{"line":26,"column":5},"end":{"line":26,"column":20}},"8":{"start":{"line":28,"column":4},"end":{"line":28,"column":16}},"9":{"start":{"line":32,"column":3},"end":{"line":32,"column":71}},"10":{"start":{"line":32,"column":46},"end":{"line":32,"column":69}},"11":{"start":{"line":35,"column":3},"end":{"line":35,"column":75}},"12":{"start":{"line":35,"column":46},"end":{"line":35,"column":73}},"13":{"start":{"line":38,"column":6},"end":{"line":38,"column":29}},"14":{"start":{"line":39,"column":6},"end":{"line":39,"column":22}},"15":{"start":{"line":53,"column":4},"end":{"line":53,"column":23}}},"fnMap":{"0":{"name":"(anonymous_0)","decl":{"start":{"line":11,"column":15},"end":{"line":11,"column":16}},"loc":{"start":{"line":11,"column":39},"end":{"line":13,"column":3}},"line":11},"1":{"name":"(anonymous_1)","decl":{"start":{"line":14,"column":19},"end":{"line":14,"column":20}},"loc":{"start":{"line":14,"column":43},"end":{"line":16,"column":3}},"line":14},"2":{"name":"(anonymous_2)","decl":{"start":{"line":17,"column":20},"end":{"line":17,"column":21}},"loc":{"start":{"line":17,"column":31},"end":{"line":19,"column":3}},"line":17},"3":{"name":"(anonymous_3)","decl":{"start":{"line":20,"column":16},"end":{"line":20,"column":17}},"loc":{"start":{"line":20,"column":40},"end":{"line":22,"column":3}},"line":20},"4":{"name":"(anonymous_4)","decl":{"start":{"line":23,"column":16},"end":{"line":23,"column":17}},"loc":{"start":{"line":23,"column":40},"end":{"line":30,"column":3}},"line":23},"5":{"name":"(anonymous_5)","decl":{"start":{"line":24,"column":33},"end":{"line":24,"column":34}},"loc":{"start":{"line":24,"column":43},"end":{"line":29,"column":4}},"line":24},"6":{"name":"(anonymous_6)","decl":{"start":{"line":31,"column":16},"end":{"line":31,"column":17}},"loc":{"start":{"line":31,"column":40},"end":{"line":33,"column":3}},"line":31},"7":{"name":"(anonymous_7)","decl":{"start":{"line":32,"column":36},"end":{"line":32,"column":37}},"loc":{"start":{"line":32,"column":46},"end":{"line":32,"column":69}},"line":32},"8":{"name":"(anonymous_8)","decl":{"start":{"line":34,"column":24},"end":{"line":34,"column":25}},"loc":{"start":{"line":34,"column":35},"end":{"line":36,"column":3}},"line":34},"9":{"name":"(anonymous_9)","decl":{"start":{"line":35,"column":36},"end":{"line":35,"column":37}},"loc":{"start":{"line":35,"column":46},"end":{"line":35,"column":73}},"line":35},"10":{"name":"(anonymous_10)","decl":{"start":{"line":37,"column":20},"end":{"line":37,"column":21}},"loc":{"start":{"line":37,"column":31},"end":{"line":40,"column":5}},"line":37}},"branchMap":{"0":{"loc":{"start":{"line":25,"column":4},"end":{"line":27,"column":5}},"type":"if","locations":[{"start":{"line":25,"column":4},"end":{"line":27,"column":5}},{"start":{},"end":{}}],"line":25}},"s":{"0":41,"1":2,"2":2,"3":2,"4":2,"5":3,"6":3,"7":2,"8":1,"9":2,"10":2,"11":2,"12":4,"13":1,"14":1,"15":41},"f":{"0":2,"1":2,"2":2,"3":2,"4":3,"5":3,"6":2,"7":2,"8":2,"9":4,"10":1},"b":{"0":[2,1]},"_coverageSchema":"1a1c01bbd47fc00a2c39e90264f33305004495a9","hash":"45eaffb3808bd8116800505a089c4f34ccbbd2e4"}
,"C:\\Users\\Alvaro\\Desktop\\TFG\\TFG-App-Frontend\\src\\store\\notes\\notesSlice.js": {"path":"C:\\Users\\Alvaro\\Desktop\\TFG\\TFG-App-Frontend\\src\\store\\notes\\notesSlice.js","statementMap":{"0":{"start":{"line":3,"column":26},"end":{"line":83,"column":2}},"1":{"start":{"line":17,"column":3},"end":{"line":17,"column":30}},"2":{"start":{"line":20,"column":3},"end":{"line":25,"column":5}},"3":{"start":{"line":28,"column":3},"end":{"line":28,"column":32}},"4":{"start":{"line":29,"column":3},"end":{"line":29,"column":25}},"5":{"start":{"line":32,"column":3},"end":{"line":32,"column":43}},"6":{"start":{"line":33,"column":3},"end":{"line":38,"column":5}},"7":{"start":{"line":41,"column":3},"end":{"line":51,"column":7}},"8":{"start":{"line":43,"column":5},"end":{"line":45,"column":6}},"9":{"start":{"line":44,"column":6},"end":{"line":44,"column":21}},"10":{"start":{"line":46,"column":5},"end":{"line":46,"column":17}},"11":{"start":{"line":50,"column":5},"end":{"line":50,"column":48}},"12":{"start":{"line":52,"column":3},"end":{"line":57,"column":5}},"13":{"start":{"line":60,"column":3},"end":{"line":70,"column":4}},"14":{"start":{"line":61,"column":4},"end":{"line":63,"column":6}},"15":{"start":{"line":62,"column":15},"end":{"line":62,"column":46}},"16":{"start":{"line":64,"column":4},"end":{"line":69,"column":6}},"17":{"start":{"line":73,"column":3},"end":{"line":73,"column":31}},"18":{"start":{"line":74,"column":3},"end":{"line":74,"column":20}},"19":{"start":{"line":75,"column":3},"end":{"line":80,"column":5}},"20":{"start":{"line":92,"column":4},"end":{"line":92,"column":22}}},"fnMap":{"0":{"name":"(anonymous_0)","decl":{"start":{"line":16,"column":19},"end":{"line":16,"column":20}},"loc":{"start":{"line":16,"column":43},"end":{"line":18,"column":3}},"line":16},"1":{"name":"(anonymous_1)","decl":{"start":{"line":19,"column":21},"end":{"line":19,"column":22}},"loc":{"start":{"line":19,"column":32},"end":{"line":26,"column":3}},"line":19},"2":{"name":"(anonymous_2)","decl":{"start":{"line":27,"column":14},"end":{"line":27,"column":15}},"loc":{"start":{"line":27,"column":43},"end":{"line":30,"column":3}},"line":27},"3":{"name":"(anonymous_3)","decl":{"start":{"line":31,"column":16},"end":{"line":31,"column":17}},"loc":{"start":{"line":31,"column":40},"end":{"line":39,"column":3}},"line":31},"4":{"name":"(anonymous_4)","decl":{"start":{"line":40,"column":16},"end":{"line":40,"column":17}},"loc":{"start":{"line":40,"column":40},"end":{"line":58,"column":3}},"line":40},"5":{"name":"(anonymous_5)","decl":{"start":{"line":42,"column":9},"end":{"line":42,"column":10}},"loc":{"start":{"line":42,"column":19},"end":{"line":47,"column":5}},"line":42},"6":{"name":"(anonymous_6)","decl":{"start":{"line":48,"column":10},"end":{"line":48,"column":11}},"loc":{"start":{"line":48,"column":20},"end":{"line":51,"column":5}},"line":48},"7":{"name":"(anonymous_7)","decl":{"start":{"line":59,"column":16},"end":{"line":59,"column":17}},"loc":{"start":{"line":59,"column":27},"end":{"line":71,"column":3}},"line":59},"8":{"name":"(anonymous_8)","decl":{"start":{"line":62,"column":5},"end":{"line":62,"column":6}},"loc":{"start":{"line":62,"column":15},"end":{"line":62,"column":46}},"line":62},"9":{"name":"(anonymous_9)","decl":{"start":{"line":72,"column":17},"end":{"line":72,"column":18}},"loc":{"start":{"line":72,"column":28},"end":{"line":81,"column":3}},"line":72}},"branchMap":{"0":{"loc":{"start":{"line":27,"column":24},"end":{"line":27,"column":36}},"type":"default-arg","locations":[{"start":{"line":27,"column":34},"end":{"line":27,"column":36}}],"line":27},"1":{"loc":{"start":{"line":43,"column":5},"end":{"line":45,"column":6}},"type":"if","locations":[{"start":{"line":43,"column":5},"end":{"line":45,"column":6}},{"start":{},"end":{}}],"line":43},"2":{"loc":{"start":{"line":60,"column":3},"end":{"line":70,"column":4}},"type":"if","locations":[{"start":{"line":60,"column":3},"end":{"line":70,"column":4}},{"start":{},"end":{}}],"line":60}},"s":{"0":41,"1":6,"2":2,"3":2,"4":2,"5":2,"6":2,"7":2,"8":2,"9":2,"10":0,"11":0,"12":2,"13":2,"14":2,"15":2,"16":2,"17":1,"18":1,"19":1,"20":41},"f":{"0":6,"1":2,"2":2,"3":2,"4":2,"5":2,"6":0,"7":2,"8":2,"9":1},"b":{"0":[0],"1":[2,0],"2":[2,0]},"_coverageSchema":"1a1c01bbd47fc00a2c39e90264f33305004495a9","hash":"062eec79f7a3b525e455c4812b747bce33f0625a"}
,"C:\\Users\\Alvaro\\Desktop\\TFG\\TFG-App-Frontend\\src\\store\\ui\\uiSlice.js": {"path":"C:\\Users\\Alvaro\\Desktop\\TFG\\TFG-App-Frontend\\src\\store\\ui\\uiSlice.js","statementMap":{"0":{"start":{"line":3,"column":23},"end":{"line":27,"column":2}},"1":{"start":{"line":11,"column":3},"end":{"line":11,"column":36}},"2":{"start":{"line":14,"column":3},"end":{"line":14,"column":37}},"3":{"start":{"line":17,"column":3},"end":{"line":17,"column":34}},"4":{"start":{"line":20,"column":3},"end":{"line":20,"column":35}},"5":{"start":{"line":23,"column":3},"end":{"line":23,"column":37}},"6":{"start":{"line":24,"column":3},"end":{"line":24,"column":35}},"7":{"start":{"line":35,"column":4},"end":{"line":35,"column":19}}},"fnMap":{"0":{"name":"(anonymous_0)","decl":{"start":{"line":10,"column":23},"end":{"line":10,"column":24}},"loc":{"start":{"line":10,"column":34},"end":{"line":12,"column":3}},"line":10},"1":{"name":"(anonymous_1)","decl":{"start":{"line":13,"column":24},"end":{"line":13,"column":25}},"loc":{"start":{"line":13,"column":35},"end":{"line":15,"column":3}},"line":13},"2":{"name":"(anonymous_2)","decl":{"start":{"line":16,"column":21},"end":{"line":16,"column":22}},"loc":{"start":{"line":16,"column":32},"end":{"line":18,"column":3}},"line":16},"3":{"name":"(anonymous_3)","decl":{"start":{"line":19,"column":22},"end":{"line":19,"column":23}},"loc":{"start":{"line":19,"column":33},"end":{"line":21,"column":3}},"line":19},"4":{"name":"(anonymous_4)","decl":{"start":{"line":22,"column":14},"end":{"line":22,"column":15}},"loc":{"start":{"line":22,"column":25},"end":{"line":25,"column":3}},"line":22}},"branchMap":{},"s":{"0":41,"1":2,"2":2,"3":2,"4":2,"5":1,"6":1,"7":41},"f":{"0":2,"1":2,"2":2,"3":2,"4":1},"b":{},"_coverageSchema":"1a1c01bbd47fc00a2c39e90264f33305004495a9","hash":"d1fc1bb758cec96fb10ad499ad34049413ba2c08"}
,"C:\\Users\\Alvaro\\Desktop\\TFG\\TFG-App-Frontend\\src\\ui\\components\\Navbar.jsx": {"path":"C:\\Users\\Alvaro\\Desktop\\TFG\\TFG-App-Frontend\\src\\ui\\components\\Navbar.jsx","statementMap":{"0":{"start":{"line":5,"column":22},"end":{"line":67,"column":1}},"1":{"start":{"line":6,"column":33},"end":{"line":6,"column":47}},"2":{"start":{"line":8,"column":45},"end":{"line":8,"column":59}},"3":{"start":{"line":10,"column":27},"end":{"line":10,"column":67}},"4":{"start":{"line":10,"column":33},"end":{"line":10,"column":67}},"5":{"start":{"line":12,"column":1},"end":{"line":66,"column":3}},"6":{"start":{"line":37,"column":35},"end":{"line":37,"column":73}},"7":{"start":{"line":45,"column":35},"end":{"line":45,"column":73}},"8":{"start":{"line":52,"column":35},"end":{"line":52,"column":73}}},"fnMap":{"0":{"name":"(anonymous_0)","decl":{"start":{"line":5,"column":22},"end":{"line":5,"column":23}},"loc":{"start":{"line":5,"column":28},"end":{"line":67,"column":1}},"line":5},"1":{"name":"(anonymous_1)","decl":{"start":{"line":10,"column":27},"end":{"line":10,"column":28}},"loc":{"start":{"line":10,"column":33},"end":{"line":10,"column":67}},"line":10},"2":{"name":"(anonymous_2)","decl":{"start":{"line":37,"column":17},"end":{"line":37,"column":18}},"loc":{"start":{"line":37,"column":35},"end":{"line":37,"column":73}},"line":37},"3":{"name":"(anonymous_3)","decl":{"start":{"line":45,"column":17},"end":{"line":45,"column":18}},"loc":{"start":{"line":45,"column":35},"end":{"line":45,"column":73}},"line":45},"4":{"name":"(anonymous_4)","decl":{"start":{"line":52,"column":17},"end":{"line":52,"column":18}},"loc":{"start":{"line":52,"column":35},"end":{"line":52,"column":73}},"line":52}},"branchMap":{"0":{"loc":{"start":{"line":15,"column":21},"end":{"line":15,"column":61}},"type":"cond-expr","locations":[{"start":{"line":15,"column":50},"end":{"line":15,"column":52}},{"start":{"line":15,"column":55},"end":{"line":15,"column":61}}],"line":15},"1":{"loc":{"start":{"line":24,"column":19},"end":{"line":24,"column":49}},"type":"cond-expr","locations":[{"start":{"line":24,"column":37},"end":{"line":24,"column":41}},{"start":{"line":24,"column":44},"end":{"line":24,"column":49}}],"line":24},"2":{"loc":{"start":{"line":32,"column":18},"end":{"line":32,"column":50}},"type":"cond-expr","locations":[{"start":{"line":32,"column":35},"end":{"line":32,"column":45}},{"start":{"line":32,"column":48},"end":{"line":32,"column":50}}],"line":32},"3":{"loc":{"start":{"line":37,"column":47},"end":{"line":37,"column":71}},"type":"cond-expr","locations":[{"start":{"line":37,"column":58},"end":{"line":37,"column":66}},{"start":{"line":37,"column":69},"end":{"line":37,"column":71}}],"line":37},"4":{"loc":{"start":{"line":45,"column":47},"end":{"line":45,"column":71}},"type":"cond-expr","locations":[{"start":{"line":45,"column":58},"end":{"line":45,"column":66}},{"start":{"line":45,"column":69},"end":{"line":45,"column":71}}],"line":45},"5":{"loc":{"start":{"line":52,"column":47},"end":{"line":52,"column":71}},"type":"cond-expr","locations":[{"start":{"line":52,"column":58},"end":{"line":52,"column":66}},{"start":{"line":52,"column":69},"end":{"line":52,"column":71}}],"line":52}},"s":{"0":1,"1":3,"2":3,"3":3,"4":1,"5":3,"6":3,"7":3,"8":3},"f":{"0":3,"1":1,"2":3,"3":3,"4":3},"b":{"0":[3,0],"1":[1,2],"2":[2,1],"3":[0,3],"4":[0,3],"5":[0,3]},"_coverageSchema":"1a1c01bbd47fc00a2c39e90264f33305004495a9","hash":"f5d753f1e282c4cb938269d08e0b1513f3499cdf"}
,"C:\\Users\\Alvaro\\Desktop\\TFG\\TFG-App-Frontend\\tests\\fixtures\\authStates.js": {"path":"C:\\Users\\Alvaro\\Desktop\\TFG\\TFG-App-Frontend\\tests\\fixtures\\authStates.js","statementMap":{"0":{"start":{"line":1,"column":28},"end":{"line":5,"column":1}},"1":{"start":{"line":7,"column":34},"end":{"line":14,"column":1}},"2":{"start":{"line":16,"column":37},"end":{"line":20,"column":1}}},"fnMap":{},"branchMap":{},"s":{"0":2,"1":2,"2":2},"f":{},"b":{},"_coverageSchema":"1a1c01bbd47fc00a2c39e90264f33305004495a9","hash":"fc5ca2713ddf2540cf846d93e6efcb90e17a308d"}
,"C:\\Users\\Alvaro\\Desktop\\TFG\\TFG-App-Frontend\\tests\\fixtures\\calendarStates.js": {"path":"C:\\Users\\Alvaro\\Desktop\\TFG\\TFG-App-Frontend\\tests\\fixtures\\calendarStates.js","statementMap":{"0":{"start":{"line":3,"column":36},"end":{"line":7,"column":1}},"1":{"start":{"line":9,"column":39},"end":{"line":32,"column":1}},"2":{"start":{"line":34,"column":28},"end":{"line":42,"column":1}},"3":{"start":{"line":44,"column":46},"end":{"line":59,"column":1}},"4":{"start":{"line":61,"column":27},"end":{"line":68,"column":1}},"5":{"start":{"line":70,"column":28},"end":{"line":78,"column":1}},"6":{"start":{"line":80,"column":29},"end":{"line":88,"column":1}},"7":{"start":{"line":90,"column":44},"end":{"line":112,"column":1}},"8":{"start":{"line":114,"column":47},"end":{"line":128,"column":1}},"9":{"start":{"line":130,"column":39},"end":{"line":153,"column":1}}},"fnMap":{},"branchMap":{},"s":{"0":4,"1":4,"2":4,"3":4,"4":4,"5":4,"6":4,"7":4,"8":4,"9":4},"f":{},"b":{},"_coverageSchema":"1a1c01bbd47fc00a2c39e90264f33305004495a9","hash":"f86fc5c173b6259b6c6e6bc6b6fc7129745c55ff"}
,"C:\\Users\\Alvaro\\Desktop\\TFG\\TFG-App-Frontend\\tests\\fixtures\\kanbanStates.js": {"path":"C:\\Users\\Alvaro\\Desktop\\TFG\\TFG-App-Frontend\\tests\\fixtures\\kanbanStates.js","statementMap":{"0":{"start":{"line":4,"column":34},"end":{"line":7,"column":1}},"1":{"start":{"line":9,"column":26},"end":{"line":16,"column":1}},"2":{"start":{"line":18,"column":29},"end":{"line":24,"column":1}},"3":{"start":{"line":26,"column":24},"end":{"line":33,"column":1}},"4":{"start":{"line":35,"column":33},"end":{"line":42,"column":1}},"5":{"start":{"line":44,"column":31},"end":{"line":51,"column":1}},"6":{"start":{"line":53,"column":35},"end":{"line":56,"column":1}},"7":{"start":{"line":58,"column":41},"end":{"line":61,"column":1}},"8":{"start":{"line":63,"column":41},"end":{"line":66,"column":1}}},"fnMap":{},"branchMap":{},"s":{"0":6,"1":6,"2":6,"3":6,"4":6,"5":6,"6":6,"7":6,"8":6},"f":{},"b":{},"_coverageSchema":"1a1c01bbd47fc00a2c39e90264f33305004495a9","hash":"b24ee99c98ca3cba99b452a92d0573760f5e1650"}
,"C:\\Users\\Alvaro\\Desktop\\TFG\\TFG-App-Frontend\\tests\\fixtures\\notesStates.js": {"path":"C:\\Users\\Alvaro\\Desktop\\TFG\\TFG-App-Frontend\\tests\\fixtures\\notesStates.js","statementMap":{"0":{"start":{"line":3,"column":23},"end":{"line":8,"column":1}},"1":{"start":{"line":10,"column":26},"end":{"line":16,"column":1}},"2":{"start":{"line":18,"column":33},"end":{"line":24,"column":1}},"3":{"start":{"line":26,"column":40},"end":{"line":32,"column":1}},"4":{"start":{"line":34,"column":36},"end":{"line":39,"column":1}},"5":{"start":{"line":41,"column":33},"end":{"line":47,"column":1}},"6":{"start":{"line":49,"column":29},"end":{"line":54,"column":1}},"7":{"start":{"line":56,"column":32},"end":{"line":65,"column":1}},"8":{"start":{"line":67,"column":33},"end":{"line":76,"column":1}},"9":{"start":{"line":78,"column":42},"end":{"line":82,"column":1}}},"fnMap":{},"branchMap":{},"s":{"0":7,"1":7,"2":7,"3":7,"4":7,"5":7,"6":7,"7":7,"8":7,"9":7},"f":{},"b":{},"_coverageSchema":"1a1c01bbd47fc00a2c39e90264f33305004495a9","hash":"62c7662fede00abc56489c0cbc1a992bf1edddf9"}
,"C:\\Users\\Alvaro\\Desktop\\TFG\\TFG-App-Frontend\\tests\\fixtures\\testUser.js": {"path":"C:\\Users\\Alvaro\\Desktop\\TFG\\TFG-App-Frontend\\tests\\fixtures\\testUser.js","statementMap":{"0":{"start":{"line":1,"column":35},"end":{"line":6,"column":1}}},"fnMap":{},"branchMap":{},"s":{"0":19},"f":{},"b":{},"_coverageSchema":"1a1c01bbd47fc00a2c39e90264f33305004495a9","hash":"83d28b29cdea320fa94dff67866b7da950ec1d17"}
,"C:\\Users\\Alvaro\\Desktop\\TFG\\TFG-App-Frontend\\tests\\fixtures\\uiStates.js": {"path":"C:\\Users\\Alvaro\\Desktop\\TFG\\TFG-App-Frontend\\tests\\fixtures\\uiStates.js","statementMap":{"0":{"start":{"line":1,"column":30},"end":{"line":4,"column":1}},"1":{"start":{"line":6,"column":27},"end":{"line":9,"column":1}}},"fnMap":{},"branchMap":{},"s":{"0":2,"1":2},"f":{},"b":{},"_coverageSchema":"1a1c01bbd47fc00a2c39e90264f33305004495a9","hash":"46c8a6941ea0ea426aee04aa49273ff68c77288a"}
,"C:\\Users\\Alvaro\\Desktop\\TFG\\TFG-App-Frontend\\tests\\mocks\\styleMock.js": {"path":"C:\\Users\\Alvaro\\Desktop\\TFG\\TFG-App-Frontend\\tests\\mocks\\styleMock.js","statementMap":{"0":{"start":{"line":1,"column":0},"end":{"line":1,"column":20}}},"fnMap":{},"branchMap":{},"s":{"0":7},"f":{},"b":{},"_coverageSchema":"1a1c01bbd47fc00a2c39e90264f33305004495a9","hash":"b720c541050a31df6d0c3a2a3f9eb2bc75eb8960"}
}
