TN:
SF:src\api\api.js
FN:11,(anonymous_0)
FNF:1
FNH:1
FNDA:24,(anonymous_0)
DA:4,36
DA:6,36
DA:11,36
DA:12,24
DA:16,24
LF:5
LH:5
BRF:0
BRH:0
end_of_record
TN:
SF:src\api\index.js
FNF:0
FNH:0
LF:0
LH:0
BRF:0
BRH:0
end_of_record
TN:
SF:src\auth\index.js
FNF:0
FNH:0
LF:0
LH:0
BRF:0
BRH:0
end_of_record
TN:
SF:src\auth\components\PasswordValidatorBox.jsx
FN:1,(anonymous_0)
FNF:1
FNH:1
FNDA:7,(anonymous_0)
DA:1,3
DA:9,7
LF:2
LH:2
BRDA:15,0,0,3
BRDA:15,0,1,4
BRDA:15,1,0,7
BRDA:15,1,1,1
BRDA:15,1,2,1
BRDA:15,1,3,1
BRDA:15,1,4,1
BRDA:15,1,5,6
BRDA:25,2,0,1
BRDA:25,2,1,6
BRDA:26,3,0,1
BRDA:26,3,1,6
BRDA:37,4,0,1
BRDA:37,4,1,6
BRDA:38,5,0,1
BRDA:38,5,1,6
BRDA:49,6,0,1
BRDA:49,6,1,6
BRDA:50,7,0,1
BRDA:50,7,1,6
BRDA:61,8,0,1
BRDA:61,8,1,6
BRDA:62,9,0,1
BRDA:62,9,1,6
BRDA:73,10,0,1
BRDA:73,10,1,6
BRDA:74,11,0,1
BRDA:74,11,1,6
BRF:28
BRH:28
end_of_record
TN:
SF:src\auth\layout\HomePage.jsx
FN:4,(anonymous_0)
FN:8,(anonymous_1)
FN:10,(anonymous_2)
FN:35,(anonymous_3)
FN:41,(anonymous_4)
FN:59,(anonymous_5)
FN:65,(anonymous_6)
FN:70,(anonymous_7)
FN:75,carousel
FN:86,(anonymous_9)
FN:94,(anonymous_10)
FN:97,(anonymous_11)
FN:101,(anonymous_12)
FNF:13
FNH:3
FNDA:5,(anonymous_0)
FNDA:5,(anonymous_1)
FNDA:0,(anonymous_2)
FNDA:5,(anonymous_3)
FNDA:0,(anonymous_4)
FNDA:0,(anonymous_5)
FNDA:0,(anonymous_6)
FNDA:0,(anonymous_7)
FNDA:0,carousel
FNDA:0,(anonymous_9)
FNDA:0,(anonymous_10)
FNDA:0,(anonymous_11)
FNDA:0,(anonymous_12)
DA:4,3
DA:5,5
DA:6,5
DA:8,5
DA:10,5
DA:11,0
DA:12,0
DA:15,0
DA:17,0
DA:19,0
DA:20,0
DA:22,0
DA:25,0
DA:26,0
DA:28,0
DA:32,5
DA:35,5
DA:36,5
DA:41,5
DA:42,0
DA:43,0
DA:45,0
DA:46,0
DA:47,0
DA:48,0
DA:50,0
DA:55,5
DA:56,5
DA:57,5
DA:59,5
DA:60,0
DA:63,5
DA:65,5
DA:66,0
DA:67,0
DA:70,5
DA:71,0
DA:72,0
DA:76,0
DA:77,0
DA:79,0
DA:81,0
DA:82,0
DA:84,0
DA:86,0
DA:87,0
DA:92,5
DA:93,5
DA:94,5
DA:95,0
DA:96,0
DA:97,0
DA:98,0
DA:100,0
DA:101,0
DA:102,0
DA:104,0
DA:105,0
DA:109,5
LF:59
LH:20
BRDA:19,0,0,0
BRDA:19,0,1,0
BRDA:25,1,0,0
BRDA:25,1,1,0
BRDA:47,2,0,0
BRDA:47,2,1,0
BRDA:76,3,0,0
BRDA:76,3,1,0
BRDA:81,4,0,0
BRDA:81,4,1,0
BRDA:96,5,0,0
BRDA:96,5,1,0
BRF:12
BRH:0
end_of_record
TN:
SF:src\auth\pages\LoginPage.jsx
FN:22,(anonymous_0)
FN:45,(anonymous_1)
FN:50,(anonymous_2)
FN:68,(anonymous_3)
FN:71,(anonymous_4)
FNF:5
FNH:3
FNDA:5,(anonymous_0)
FNDA:1,(anonymous_1)
FNDA:1,(anonymous_2)
FNDA:0,(anonymous_3)
FNDA:0,(anonymous_4)
DA:10,2
DA:15,2
DA:22,2
DA:27,5
DA:41,5
DA:43,5
DA:45,5
DA:46,1
DA:47,1
DA:50,5
DA:51,1
DA:53,1
DA:54,0
DA:60,1
DA:67,5
DA:68,4
DA:70,4
DA:71,4
DA:73,4
LF:19
LH:18
BRDA:53,0,0,0
BRDA:53,0,1,1
BRDA:93,1,0,0
BRDA:93,1,1,4
BRDA:106,2,0,0
BRDA:106,2,1,4
BRDA:149,3,0,0
BRDA:149,3,1,4
BRDA:163,4,0,0
BRDA:163,4,1,4
BRF:10
BRH:5
end_of_record
TN:
SF:src\calendar\index.js
FNF:0
FNH:0
LF:0
LH:0
BRF:0
BRH:0
end_of_record
TN:
SF:src\calendar\components\CalendarEvent.jsx
FN:1,(anonymous_0)
FNF:1
FNH:1
FNDA:1,(anonymous_0)
DA:1,2
DA:2,1
DA:4,1
LF:3
LH:3
BRDA:6,0,0,1
BRDA:6,0,1,1
BRF:2
BRH:2
end_of_record
TN:
SF:src\calendar\components\CalendarModal.jsx
FN:32,(anonymous_0)
FN:47,(anonymous_1)
FN:53,(anonymous_2)
FN:60,(anonymous_3)
FN:67,(anonymous_4)
FN:74,(anonymous_5)
FN:78,(anonymous_6)
FN:83,(anonymous_7)
FN:92,(anonymous_8)
FN:130,(anonymous_9)
FN:146,(anonymous_10)
FNF:11
FNH:6
FNDA:15,(anonymous_0)
FNDA:13,(anonymous_1)
FNDA:9,(anonymous_2)
FNDA:1,(anonymous_3)
FNDA:0,(anonymous_4)
FNDA:0,(anonymous_5)
FNDA:0,(anonymous_6)
FNDA:1,(anonymous_7)
FNDA:1,(anonymous_8)
FNDA:0,(anonymous_9)
FNDA:0,(anonymous_10)
DA:15,2
DA:17,2
DA:28,2
DA:29,0
DA:32,2
DA:34,15
DA:35,15
DA:37,15
DA:38,14
DA:40,14
DA:47,14
DA:48,13
DA:50,0
DA:53,14
DA:54,9
DA:55,3
DA:56,3
DA:60,14
DA:61,1
DA:67,14
DA:68,0
DA:74,14
DA:75,0
DA:78,14
DA:79,0
DA:80,0
DA:83,14
DA:85,1
DA:87,1
DA:89,1
DA:92,14
DA:93,1
DA:94,1
DA:96,1
DA:97,1
DA:98,0
DA:99,0
DA:102,1
DA:104,1
DA:106,1
DA:108,1
DA:110,1
DA:113,14
DA:130,0
DA:146,0
LF:45
LH:35
BRDA:28,0,0,0
BRDA:28,0,1,2
BRDA:48,1,0,13
BRDA:48,1,1,0
BRDA:50,2,0,0
BRDA:50,2,1,0
BRDA:54,3,0,3
BRDA:54,3,1,6
BRDA:97,4,0,0
BRDA:97,4,1,1
BRDA:97,5,0,1
BRDA:97,5,1,1
BRDA:102,6,0,0
BRDA:102,6,1,1
BRDA:122,7,0,3
BRDA:122,7,1,11
BRDA:202,8,0,14
BRDA:202,8,1,6
BRF:18
BRH:12
end_of_record
TN:
SF:src\calendar\components\FabAddNew.jsx
FN:4,(anonymous_0)
FN:8,(anonymous_1)
FNF:2
FNH:2
FNDA:3,(anonymous_0)
FNDA:1,(anonymous_1)
DA:4,2
DA:5,3
DA:6,3
DA:8,3
DA:9,1
DA:17,1
DA:20,3
LF:7
LH:7
BRF:0
BRH:0
end_of_record
TN:
SF:src\calendar\pages\CalendarPage.jsx
FN:9,(anonymous_0)
FN:17,(anonymous_1)
FN:37,(anonymous_2)
FN:41,(anonymous_3)
FN:46,(anonymous_4)
FNF:5
FNH:2
FNDA:1,(anonymous_0)
FNDA:0,(anonymous_1)
FNDA:1,(anonymous_2)
FNDA:0,(anonymous_3)
FNDA:0,(anonymous_4)
DA:9,1
DA:10,1
DA:12,1
DA:13,1
DA:17,1
DA:18,0
DA:19,0
DA:20,0
DA:27,0
DA:32,0
DA:37,1
DA:38,1
DA:41,1
DA:42,0
DA:43,0
DA:46,1
DA:47,0
DA:48,0
DA:51,1
LF:19
LH:10
BRDA:14,0,0,1
BRDA:14,0,1,1
BRDA:19,1,0,0
BRDA:19,1,1,0
BRF:4
BRH:2
end_of_record
TN:
SF:src\helpers\calendarLocalizer.js
FNF:0
FNH:0
DA:6,29
DA:11,29
LF:2
LH:2
BRF:0
BRH:0
end_of_record
TN:
SF:src\helpers\convertEventsToDateEvents.js
FN:3,(anonymous_0)
FN:4,(anonymous_1)
FNF:2
FNH:2
FNDA:1,(anonymous_0)
FNDA:2,(anonymous_1)
DA:3,29
DA:4,1
DA:5,2
DA:6,2
DA:8,2
LF:5
LH:5
BRDA:3,0,0,0
BRF:1
BRH:0
end_of_record
TN:
SF:src\helpers\convertNotesToDateNotes.js
FN:3,(anonymous_0)
FN:5,(anonymous_1)
FNF:2
FNH:2
FNDA:1,(anonymous_0)
FNDA:1,(anonymous_1)
DA:3,29
DA:5,1
DA:6,1
DA:8,1
LF:4
LH:4
BRDA:3,0,0,0
BRF:1
BRH:0
end_of_record
TN:
SF:src\helpers\convertTaskToDateTask.js
FN:3,(anonymous_0)
FN:4,(anonymous_1)
FNF:2
FNH:2
FNDA:1,(anonymous_0)
FNDA:1,(anonymous_1)
DA:3,20
DA:4,1
DA:5,1
DA:7,1
LF:4
LH:4
BRDA:3,0,0,0
BRF:1
BRH:0
end_of_record
TN:
SF:src\helpers\getMessages.js
FN:2,(anonymous_0)
FN:16,(anonymous_1)
FNF:2
FNH:1
FNDA:1,(anonymous_0)
FNDA:0,(anonymous_1)
DA:2,29
DA:3,1
DA:16,0
LF:3
LH:2
BRF:0
BRH:0
end_of_record
TN:
SF:src\helpers\index.js
FNF:0
FNH:0
LF:0
LH:0
BRF:0
BRH:0
end_of_record
TN:
SF:src\hooks\index.js
FNF:0
FNH:0
LF:0
LH:0
BRF:0
BRH:0
end_of_record
TN:
SF:src\hooks\useAuthStore.js
FN:15,(anonymous_0)
FN:17,(anonymous_1)
FN:19,(anonymous_2)
FN:24,(anonymous_3)
FN:41,(anonymous_4)
FN:47,(anonymous_5)
FN:66,(anonymous_6)
FN:72,(anonymous_7)
FN:89,(anonymous_8)
FNF:9
FNH:7
FNDA:11,(anonymous_0)
FNDA:19,(anonymous_1)
FNDA:3,(anonymous_2)
FNDA:1,(anonymous_3)
FNDA:0,(anonymous_4)
FNDA:2,(anonymous_5)
FNDA:1,(anonymous_6)
FNDA:2,(anonymous_7)
FNDA:0,(anonymous_8)
DA:15,20
DA:16,11
DA:17,19
DA:19,11
DA:20,3
DA:21,3
DA:24,11
DA:25,1
DA:26,1
DA:27,1
DA:29,1
DA:31,1
DA:33,0
DA:36,0
DA:41,0
DA:42,0
DA:47,11
DA:48,2
DA:49,2
DA:50,2
DA:52,1
DA:54,1
DA:56,1
DA:61,1
DA:66,1
DA:67,1
DA:72,11
DA:73,2
DA:75,2
DA:77,1
DA:78,1
DA:80,1
DA:82,1
DA:84,0
DA:85,0
DA:89,11
DA:90,0
DA:91,0
DA:92,0
DA:93,0
DA:94,0
DA:95,0
DA:98,11
LF:43
LH:31
BRDA:34,0,0,0
BRDA:34,0,1,0
BRDA:38,1,0,0
BRDA:38,1,1,0
BRDA:58,2,0,1
BRDA:58,2,1,0
BRDA:63,3,0,1
BRDA:63,3,1,0
BRDA:75,4,0,1
BRDA:75,4,1,1
BRF:10
BRH:4
end_of_record
TN:
SF:src\hooks\useCalendarStore.js
FN:14,(anonymous_0)
FN:16,(anonymous_1)
FN:17,(anonymous_2)
FN:19,(anonymous_3)
FN:24,(anonymous_4)
FN:38,(anonymous_5)
FN:60,(anonymous_6)
FN:74,(anonymous_7)
FN:78,(anonymous_8)
FN:101,oo_cm
FN:101,oo_oo
FN:101,oo_tr
FN:101,oo_ts
FN:101,oo_te
FNF:14
FNH:8
FNDA:13,(anonymous_0)
FNDA:19,(anonymous_1)
FNDA:19,(anonymous_2)
FNDA:0,(anonymous_3)
FNDA:1,(anonymous_4)
FNDA:2,(anonymous_5)
FNDA:1,(anonymous_6)
FNDA:1,(anonymous_7)
FNDA:1,(anonymous_8)
FNDA:0,oo_cm
FNDA:0,oo_oo
FNDA:0,oo_tr
FNDA:0,oo_ts
FNDA:0,oo_te
DA:14,20
DA:15,13
DA:16,19
DA:17,19
DA:19,13
DA:20,0
DA:21,0
DA:24,13
DA:25,1
DA:26,1
DA:27,1
DA:28,1
DA:30,0
DA:38,13
DA:39,2
DA:40,2
DA:42,1
DA:44,1
DA:47,1
DA:48,1
DA:51,0
DA:60,13
DA:61,1
DA:62,1
DA:64,1
DA:66,0
DA:74,13
DA:75,1
DA:78,13
DA:79,1
DA:82,13
DA:101,0
LF:32
LH:26
BRDA:40,0,0,1
BRDA:40,0,1,1
BRDA:54,1,0,0
BRDA:54,1,1,0
BRDA:69,2,0,0
BRDA:69,2,1,0
BRDA:101,3,0,0
BRDA:101,3,1,0
BRF:8
BRH:2
end_of_record
TN:
SF:src\hooks\useForm.js
FN:3,(anonymous_0)
FN:6,(anonymous_1)
FN:10,(anonymous_2)
FN:24,(anonymous_3)
FNF:4
FNH:4
FNDA:13,(anonymous_0)
FNDA:9,(anonymous_1)
FNDA:2,(anonymous_2)
FNDA:1,(anonymous_3)
DA:3,21
DA:4,13
DA:6,13
DA:7,9
DA:10,13
DA:11,2
DA:12,2
DA:18,13
DA:19,13
DA:20,13
DA:21,13
DA:22,13
DA:24,13
DA:25,1
DA:26,1
DA:31,1
DA:32,1
DA:33,1
DA:34,1
DA:35,1
DA:37,1
DA:38,1
DA:39,1
DA:40,1
DA:41,1
DA:43,1
DA:44,1
DA:46,1
DA:47,1
DA:49,1
DA:50,1
DA:52,1
DA:53,1
DA:55,1
DA:56,1
DA:60,13
LF:36
LH:36
BRDA:3,0,0,0
BRDA:43,1,0,1
BRDA:43,1,1,0
BRDA:46,2,0,1
BRDA:46,2,1,0
BRDA:49,3,0,1
BRDA:49,3,1,0
BRDA:52,4,0,1
BRDA:52,4,1,0
BRDA:55,5,0,1
BRDA:55,5,1,0
BRF:11
BRH:5
end_of_record
TN:
SF:src\hooks\useKanbanStore.js
FN:15,(anonymous_0)
FN:17,(anonymous_1)
FN:18,(anonymous_2)
FN:20,(anonymous_3)
FN:36,(anonymous_4)
FN:40,(anonymous_5)
FN:44,(anonymous_6)
FN:68,(anonymous_7)
FN:83,(anonymous_8)
FN:98,(anonymous_9)
FN:134,oo_cm
FN:134,oo_oo
FN:134,oo_tr
FN:134,oo_ts
FN:134,oo_te
FNF:15
FNH:9
FNDA:13,(anonymous_0)
FNDA:19,(anonymous_1)
FNDA:19,(anonymous_2)
FNDA:1,(anonymous_3)
FNDA:1,(anonymous_4)
FNDA:1,(anonymous_5)
FNDA:2,(anonymous_6)
FNDA:1,(anonymous_7)
FNDA:0,(anonymous_8)
FNDA:1,(anonymous_9)
FNDA:0,oo_cm
FNDA:0,oo_oo
FNDA:0,oo_tr
FNDA:0,oo_ts
FNDA:0,oo_te
DA:15,20
DA:16,13
DA:17,19
DA:18,19
DA:20,13
DA:21,1
DA:22,1
DA:23,1
DA:25,1
DA:27,0
DA:28,0
DA:36,13
DA:37,1
DA:40,13
DA:41,1
DA:44,13
DA:45,2
DA:46,2
DA:48,1
DA:52,1
DA:55,1
DA:56,1
DA:59,0
DA:60,0
DA:68,13
DA:69,1
DA:70,1
DA:72,1
DA:74,0
DA:75,0
DA:83,13
DA:84,0
DA:85,0
DA:87,0
DA:89,0
DA:90,0
DA:98,13
DA:99,1
DA:100,1
DA:102,1
DA:104,0
DA:105,0
DA:113,13
DA:134,0
LF:44
LH:30
BRDA:46,0,0,1
BRDA:46,0,1,1
BRDA:62,1,0,0
BRDA:62,1,1,0
BRDA:77,2,0,0
BRDA:77,2,1,0
BRDA:92,3,0,0
BRDA:92,3,1,0
BRDA:134,4,0,0
BRDA:134,4,1,0
BRF:10
BRH:2
end_of_record
TN:
SF:src\hooks\useNoteStore.js
FN:14,(anonymous_0)
FN:17,(anonymous_1)
FN:19,(anonymous_2)
FN:21,(anonymous_3)
FN:25,(anonymous_4)
FN:35,(anonymous_5)
FN:51,(anonymous_6)
FN:82,(anonymous_7)
FN:99,(anonymous_8)
FN:124,oo_cm
FN:124,oo_oo
FN:124,oo_tr
FN:124,oo_ts
FN:124,oo_te
FNF:14
FNH:9
FNDA:15,(anonymous_0)
FNDA:25,(anonymous_1)
FNDA:25,(anonymous_2)
FNDA:1,(anonymous_3)
FNDA:4,(anonymous_4)
FNDA:1,(anonymous_5)
FNDA:2,(anonymous_6)
FNDA:1,(anonymous_7)
FNDA:1,(anonymous_8)
FNDA:0,oo_cm
FNDA:0,oo_oo
FNDA:0,oo_tr
FNDA:0,oo_ts
FNDA:0,oo_te
DA:14,20
DA:15,15
DA:16,15
DA:17,25
DA:19,25
DA:21,15
DA:22,1
DA:25,15
DA:26,4
DA:32,4
DA:35,15
DA:36,1
DA:37,1
DA:38,1
DA:40,1
DA:42,0
DA:43,0
DA:51,15
DA:52,2
DA:53,2
DA:55,1
DA:61,1
DA:63,1
DA:66,1
DA:68,1
DA:71,2
DA:73,0
DA:74,0
DA:82,15
DA:83,1
DA:84,1
DA:86,1
DA:88,1
DA:90,0
DA:91,0
DA:99,15
DA:100,1
DA:103,15
DA:124,0
LF:39
LH:32
BRDA:53,0,0,1
BRDA:53,0,1,1
BRDA:76,1,0,0
BRDA:76,1,1,0
BRDA:93,2,0,0
BRDA:93,2,1,0
BRDA:124,3,0,0
BRDA:124,3,1,0
BRF:8
BRH:2
end_of_record
TN:
SF:src\hooks\useUiStore.js
FN:9,(anonymous_0)
FN:12,(anonymous_1)
FN:15,(anonymous_2)
FN:19,(anonymous_3)
FN:23,(anonymous_4)
FN:27,(anonymous_5)
FNF:6
FNH:6
FNDA:17,(anonymous_0)
FNDA:19,(anonymous_1)
FNDA:1,(anonymous_2)
FNDA:1,(anonymous_3)
FNDA:1,(anonymous_4)
FNDA:1,(anonymous_5)
DA:9,20
DA:10,17
DA:11,17
DA:12,19
DA:15,17
DA:16,1
DA:19,17
DA:20,1
DA:23,17
DA:24,1
DA:27,17
DA:28,1
DA:31,17
LF:13
LH:13
BRF:0
BRH:0
end_of_record
TN:
SF:src\kanban\index.js
FNF:0
FNH:0
LF:0
LH:0
BRF:0
BRH:0
end_of_record
TN:
SF:src\kanban\components\CardItem.jsx
FN:9,(anonymous_0)
FN:13,(anonymous_1)
FN:18,(anonymous_2)
FN:23,(anonymous_3)
FN:31,(anonymous_4)
FNF:5
FNH:5
FNDA:8,(anonymous_0)
FNDA:1,(anonymous_1)
FNDA:1,(anonymous_2)
FNDA:8,(anonymous_3)
FNDA:8,(anonymous_4)
DA:9,5
DA:10,8
DA:11,8
DA:13,8
DA:14,1
DA:15,1
DA:18,8
DA:19,1
DA:20,1
DA:23,8
DA:24,8
DA:29,8
DA:32,8
LF:13
LH:13
BRDA:9,0,0,0
BRDA:24,1,0,0
BRDA:24,1,1,8
BRDA:34,2,0,0
BRDA:34,2,1,8
BRDA:44,3,0,8
BRDA:44,3,1,1
BRDA:56,4,0,8
BRDA:56,4,1,0
BRF:9
BRH:5
end_of_record
TN:
SF:src\kanban\components\ContainerCards.jsx
FN:10,(anonymous_0)
FN:14,(anonymous_1)
FN:25,(anonymous_2)
FN:34,(anonymous_3)
FN:46,(anonymous_4)
FN:76,(anonymous_5)
FN:88,(anonymous_6)
FNF:7
FNH:7
FNDA:12,(anonymous_0)
FNDA:1,(anonymous_1)
FNDA:1,(anonymous_2)
FNDA:1,(anonymous_3)
FNDA:12,(anonymous_4)
FNDA:12,(anonymous_5)
FNDA:9,(anonymous_6)
DA:10,4
DA:11,12
DA:12,12
DA:14,12
DA:15,1
DA:22,1
DA:25,12
DA:26,1
DA:35,1
DA:36,1
DA:37,1
DA:46,12
DA:47,12
DA:48,5
DA:58,7
DA:59,4
DA:70,3
DA:74,12
DA:77,12
DA:89,9
LF:20
LH:20
BRDA:10,0,0,0
BRDA:35,1,0,1
BRDA:35,1,1,0
BRDA:47,2,0,5
BRDA:47,2,1,7
BRDA:58,3,0,4
BRDA:58,3,1,3
BRDA:89,4,0,9
BRDA:89,4,1,3
BRF:9
BRH:7
end_of_record
TN:
SF:src\kanban\components\DragAndDrop.jsx
FN:9,(anonymous_0)
FN:12,(anonymous_1)
FN:14,(anonymous_2)
FN:18,(anonymous_3)
FN:21,(anonymous_4)
FN:33,(anonymous_5)
FN:50,oo_cm
FN:50,oo_oo
FN:50,oo_tr
FN:50,oo_ts
FN:50,oo_te
FNF:11
FNH:4
FNDA:3,(anonymous_0)
FNDA:3,(anonymous_1)
FNDA:3,(anonymous_2)
FNDA:0,(anonymous_3)
FNDA:0,(anonymous_4)
FNDA:9,(anonymous_5)
FNDA:0,oo_cm
FNDA:0,oo_oo
FNDA:0,oo_tr
FNDA:0,oo_ts
FNDA:0,oo_te
DA:9,3
DA:10,3
DA:12,3
DA:14,3
DA:15,3
DA:18,3
DA:19,0
DA:20,0
DA:21,0
DA:22,0
DA:23,0
DA:27,0
DA:30,3
DA:34,9
DA:50,0
LF:15
LH:8
BRDA:20,0,0,0
BRDA:20,0,1,0
BRDA:22,1,0,0
BRDA:22,1,1,0
BRDA:50,2,0,0
BRDA:50,2,1,0
BRF:6
BRH:0
end_of_record
TN:
SF:src\kanban\components\TaskModal.jsx
FN:33,(anonymous_0)
FN:48,(anonymous_1)
FN:56,(anonymous_2)
FN:62,(anonymous_3)
FN:69,(anonymous_4)
FN:76,(anonymous_5)
FN:83,(anonymous_6)
FN:104,(anonymous_7)
FN:130,(anonymous_8)
FN:147,(anonymous_9)
FNF:10
FNH:6
FNDA:10,(anonymous_0)
FNDA:6,(anonymous_1)
FNDA:8,(anonymous_2)
FNDA:1,(anonymous_3)
FNDA:0,(anonymous_4)
FNDA:0,(anonymous_5)
FNDA:1,(anonymous_6)
FNDA:0,(anonymous_7)
FNDA:27,(anonymous_8)
FNDA:0,(anonymous_9)
DA:16,3
DA:18,3
DA:29,3
DA:30,0
DA:33,3
DA:34,10
DA:36,10
DA:38,10
DA:40,9
DA:48,9
DA:49,6
DA:50,1
DA:56,9
DA:57,8
DA:59,0
DA:62,9
DA:63,1
DA:69,9
DA:70,0
DA:76,9
DA:77,0
DA:83,9
DA:84,1
DA:85,1
DA:87,1
DA:88,0
DA:90,1
DA:91,1
DA:92,0
DA:93,0
DA:95,1
DA:97,1
DA:99,1
DA:101,1
DA:104,9
DA:105,0
DA:106,0
DA:109,9
DA:131,27
DA:147,0
LF:40
LH:30
BRDA:29,0,0,0
BRDA:29,0,1,3
BRDA:49,1,0,1
BRDA:49,1,1,5
BRDA:57,2,0,8
BRDA:57,2,1,0
BRDA:59,3,0,0
BRDA:59,3,1,0
BRDA:87,4,0,0
BRDA:87,4,1,1
BRDA:91,5,0,0
BRDA:91,5,1,1
BRDA:91,6,0,1
BRDA:91,6,1,1
BRDA:95,7,0,0
BRDA:95,7,1,1
BRDA:118,8,0,1
BRDA:118,8,1,8
BRF:18
BRH:11
end_of_record
TN:
SF:src\kanban\components\index.js
FNF:0
FNH:0
LF:0
LH:0
BRF:0
BRH:0
end_of_record
TN:
SF:src\kanban\interfaces\Status.js
FNF:0
FNH:0
DA:1,41
LF:1
LH:1
BRF:0
BRH:0
end_of_record
TN:
SF:src\kanban\interfaces\index.js
FNF:0
FNH:0
LF:0
LH:0
BRF:0
BRH:0
end_of_record
TN:
SF:src\kanban\pages\KanbanPage.jsx
FN:4,(anonymous_0)
FNF:1
FNH:1
FNDA:1,(anonymous_0)
DA:4,2
DA:5,1
LF:2
LH:2
BRF:0
BRH:0
end_of_record
TN:
SF:src\layout\MainLayout.jsx
FN:5,(anonymous_0)
FN:9,(anonymous_1)
FNF:2
FNH:2
FNDA:1,(anonymous_0)
FNDA:1,(anonymous_1)
DA:5,1
DA:7,1
DA:9,1
DA:10,1
DA:13,1
LF:5
LH:5
BRF:0
BRH:0
end_of_record
TN:
SF:src\notes\index.js
FNF:0
FNH:0
LF:0
LH:0
BRF:0
BRH:0
end_of_record
TN:
SF:src\notes\components\RenderNotes.jsx
FN:3,(anonymous_0)
FN:6,(anonymous_1)
FNF:2
FNH:2
FNDA:4,(anonymous_0)
FNDA:3,(anonymous_1)
DA:3,5
DA:4,4
DA:6,3
LF:3
LH:3
BRDA:3,0,0,0
BRDA:5,1,0,3
BRDA:5,1,1,1
BRF:3
BRH:2
end_of_record
TN:
SF:src\notes\components\SideBar.jsx
FN:7,(anonymous_0)
FN:8,(anonymous_1)
FN:11,(anonymous_2)
FN:15,(anonymous_3)
FNF:4
FNH:4
FNDA:6,(anonymous_0)
FNDA:6,(anonymous_1)
FNDA:6,(anonymous_2)
FNDA:1,(anonymous_3)
DA:7,4
DA:8,6
DA:9,6
DA:11,6
DA:12,6
DA:15,6
DA:16,1
DA:19,6
LF:8
LH:8
BRDA:32,0,0,2
BRDA:32,0,1,4
BRF:2
BRH:2
end_of_record
TN:
SF:src\notes\components\SideBarNote.jsx
FN:5,(anonymous_0)
FN:14,(anonymous_1)
FN:22,(anonymous_2)
FN:26,(anonymous_3)
FNF:4
FNH:4
FNDA:6,(anonymous_0)
FNDA:2,(anonymous_1)
FNDA:6,(anonymous_2)
FNDA:6,(anonymous_3)
DA:5,6
DA:12,6
DA:14,6
DA:15,2
DA:16,1
DA:18,1
DA:22,6
DA:23,6
DA:26,6
DA:27,6
DA:28,6
DA:33,6
LF:12
LH:12
BRDA:6,0,0,0
BRDA:8,1,0,0
BRDA:9,2,0,0
BRDA:10,3,0,0
BRDA:15,4,0,1
BRDA:15,4,1,1
BRDA:23,5,0,0
BRDA:23,5,1,6
BRF:8
BRH:3
end_of_record
TN:
SF:src\notes\layout\NotesLayout.jsx
FN:6,(anonymous_0)
FN:12,(anonymous_1)
FN:14,(anonymous_2)
FN:18,(anonymous_3)
FN:28,(anonymous_4)
FNF:5
FNH:3
FNDA:2,(anonymous_0)
FNDA:2,(anonymous_1)
FNDA:2,(anonymous_2)
FNDA:0,(anonymous_3)
FNDA:0,(anonymous_4)
DA:6,3
DA:7,2
DA:9,2
DA:10,2
DA:12,2
DA:13,2
DA:14,2
DA:15,2
DA:18,0
DA:19,0
DA:20,0
DA:22,0
DA:28,2
DA:29,0
DA:30,0
DA:31,0
DA:33,0
DA:34,0
DA:38,2
LF:19
LH:10
BRDA:13,0,0,2
BRDA:13,0,1,0
BRDA:19,1,0,0
BRDA:19,1,1,0
BRDA:29,2,0,0
BRDA:29,2,1,0
BRDA:40,3,0,0
BRDA:40,3,1,2
BRDA:55,4,0,0
BRDA:55,4,1,2
BRF:10
BRH:3
end_of_record
TN:
SF:src\notes\pages\NotesPage.jsx
FN:4,(anonymous_0)
FNF:1
FNH:1
FNDA:1,(anonymous_0)
DA:4,2
DA:5,1
LF:2
LH:2
BRF:0
BRH:0
end_of_record
TN:
SF:src\notes\views\NoteView.jsx
FN:7,(anonymous_0)
FN:13,(anonymous_1)
FN:21,(anonymous_2)
FN:28,(anonymous_3)
FNF:4
FNH:4
FNDA:7,(anonymous_0)
FNDA:2,(anonymous_1)
FNDA:5,(anonymous_2)
FNDA:1,(anonymous_3)
DA:7,3
DA:8,7
DA:11,7
DA:13,7
DA:14,2
DA:15,2
DA:16,1
DA:18,1
DA:21,7
DA:22,5
DA:23,5
DA:28,7
DA:29,1
DA:32,7
LF:14
LH:14
BRDA:15,0,0,1
BRDA:15,0,1,1
BRDA:72,1,0,7
BRDA:72,1,1,1
BRF:4
BRH:4
end_of_record
TN:
SF:src\router\AppRouter.jsx
FN:9,(anonymous_0)
FNF:1
FNH:1
FNDA:2,(anonymous_0)
DA:9,1
DA:10,2
DA:12,2
LF:3
LH:3
BRDA:15,0,0,1
BRDA:15,0,1,1
BRF:2
BRH:2
end_of_record
TN:
SF:src\store\index.js
FNF:0
FNH:0
LF:0
LH:0
BRF:0
BRH:0
end_of_record
TN:
SF:src\store\store.js
FN:13,(anonymous_0)
FNF:1
FNH:1
FNDA:40,(anonymous_0)
DA:5,40
DA:13,40
LF:2
LH:2
BRF:0
BRH:0
end_of_record
TN:
SF:src\store\auth\authSlice.js
FN:11,(anonymous_0)
FN:16,(anonymous_1)
FN:21,(anonymous_2)
FN:26,(anonymous_3)
FNF:4
FNH:4
FNDA:3,(anonymous_0)
FNDA:4,(anonymous_1)
FNDA:5,(anonymous_2)
FNDA:2,(anonymous_3)
DA:3,41
DA:12,3
DA:13,3
DA:14,3
DA:17,4
DA:18,4
DA:19,4
DA:22,5
DA:23,5
DA:24,5
DA:27,2
DA:32,41
LF:12
LH:12
BRF:0
BRH:0
end_of_record
TN:
SF:src\store\calendar\calendarSlice.js
FN:11,(anonymous_0)
FN:14,(anonymous_1)
FN:17,(anonymous_2)
FN:21,(anonymous_3)
FN:22,(anonymous_4)
FN:30,(anonymous_5)
FN:33,(anonymous_6)
FN:38,(anonymous_7)
FN:40,(anonymous_8)
FN:41,(anonymous_9)
FN:47,(anonymous_10)
FNF:11
FNH:11
FNDA:2,(anonymous_0)
FNDA:2,(anonymous_1)
FNDA:2,(anonymous_2)
FNDA:2,(anonymous_3)
FNDA:4,(anonymous_4)
FNDA:2,(anonymous_5)
FNDA:2,(anonymous_6)
FNDA:2,(anonymous_7)
FNDA:3,(anonymous_8)
FNDA:1,(anonymous_9)
FNDA:1,(anonymous_10)
DA:3,41
DA:12,2
DA:15,2
DA:18,2
DA:19,2
DA:22,2
DA:23,4
DA:24,2
DA:26,2
DA:28,2
DA:31,2
DA:32,2
DA:33,2
DA:35,2
DA:39,2
DA:40,2
DA:41,3
DA:42,3
DA:43,3
DA:48,1
DA:49,1
DA:50,1
DA:63,41
LF:23
LH:23
BRDA:23,0,0,2
BRDA:23,0,1,2
BRDA:31,1,0,2
BRDA:31,1,1,0
BRDA:38,2,0,0
BRDA:42,3,0,3
BRDA:42,3,1,0
BRF:7
BRH:4
end_of_record
TN:
SF:src\store\kanban\kanbanSlice.js
FN:11,(anonymous_0)
FN:14,(anonymous_1)
FN:17,(anonymous_2)
FN:20,(anonymous_3)
FN:23,(anonymous_4)
FN:24,(anonymous_5)
FN:31,(anonymous_6)
FN:32,(anonymous_7)
FN:34,(anonymous_8)
FN:35,(anonymous_9)
FN:37,(anonymous_10)
FNF:11
FNH:11
FNDA:2,(anonymous_0)
FNDA:2,(anonymous_1)
FNDA:2,(anonymous_2)
FNDA:2,(anonymous_3)
FNDA:3,(anonymous_4)
FNDA:3,(anonymous_5)
FNDA:2,(anonymous_6)
FNDA:2,(anonymous_7)
FNDA:2,(anonymous_8)
FNDA:4,(anonymous_9)
FNDA:1,(anonymous_10)
DA:4,41
DA:12,2
DA:15,2
DA:18,2
DA:21,2
DA:24,3
DA:25,3
DA:26,2
DA:28,1
DA:32,2
DA:35,4
DA:38,1
DA:39,1
DA:53,41
LF:14
LH:14
BRDA:25,0,0,2
BRDA:25,0,1,1
BRF:2
BRH:2
end_of_record
TN:
SF:src\store\notes\notesSlice.js
FN:16,(anonymous_0)
FN:19,(anonymous_1)
FN:27,(anonymous_2)
FN:31,(anonymous_3)
FN:40,(anonymous_4)
FN:42,(anonymous_5)
FN:48,(anonymous_6)
FN:59,(anonymous_7)
FN:62,(anonymous_8)
FN:72,(anonymous_9)
FNF:10
FNH:9
FNDA:6,(anonymous_0)
FNDA:2,(anonymous_1)
FNDA:2,(anonymous_2)
FNDA:2,(anonymous_3)
FNDA:2,(anonymous_4)
FNDA:2,(anonymous_5)
FNDA:0,(anonymous_6)
FNDA:2,(anonymous_7)
FNDA:2,(anonymous_8)
FNDA:1,(anonymous_9)
DA:3,41
DA:17,6
DA:20,2
DA:28,2
DA:29,2
DA:32,2
DA:33,2
DA:41,2
DA:43,2
DA:44,2
DA:46,0
DA:50,0
DA:52,2
DA:60,2
DA:61,2
DA:62,2
DA:64,2
DA:73,1
DA:74,1
DA:75,1
DA:92,41
LF:21
LH:19
BRDA:27,0,0,0
BRDA:43,1,0,2
BRDA:43,1,1,0
BRDA:60,2,0,2
BRDA:60,2,1,0
BRF:5
BRH:2
end_of_record
TN:
SF:src\store\ui\uiSlice.js
FN:10,(anonymous_0)
FN:13,(anonymous_1)
FN:16,(anonymous_2)
FN:19,(anonymous_3)
FN:22,(anonymous_4)
FNF:5
FNH:5
FNDA:2,(anonymous_0)
FNDA:2,(anonymous_1)
FNDA:2,(anonymous_2)
FNDA:2,(anonymous_3)
FNDA:1,(anonymous_4)
DA:3,41
DA:11,2
DA:14,2
DA:17,2
DA:20,2
DA:23,1
DA:24,1
DA:35,41
LF:8
LH:8
BRF:0
BRH:0
end_of_record
TN:
SF:src\ui\components\Navbar.jsx
FN:5,(anonymous_0)
FN:10,(anonymous_1)
FN:37,(anonymous_2)
FN:45,(anonymous_3)
FN:52,(anonymous_4)
FNF:5
FNH:5
FNDA:3,(anonymous_0)
FNDA:1,(anonymous_1)
FNDA:3,(anonymous_2)
FNDA:3,(anonymous_3)
FNDA:3,(anonymous_4)
DA:5,1
DA:6,3
DA:8,3
DA:10,3
DA:12,3
DA:37,3
DA:45,3
DA:52,3
LF:8
LH:8
BRDA:15,0,0,3
BRDA:15,0,1,0
BRDA:24,1,0,1
BRDA:24,1,1,2
BRDA:32,2,0,2
BRDA:32,2,1,1
BRDA:37,3,0,0
BRDA:37,3,1,3
BRDA:45,4,0,0
BRDA:45,4,1,3
BRDA:52,5,0,0
BRDA:52,5,1,3
BRF:12
BRH:8
end_of_record
TN:
SF:tests\fixtures\authStates.js
FNF:0
FNH:0
DA:1,2
DA:7,2
DA:16,2
LF:3
LH:3
BRF:0
BRH:0
end_of_record
TN:
SF:tests\fixtures\calendarStates.js
FNF:0
FNH:0
DA:3,4
DA:9,4
DA:34,4
DA:44,4
DA:61,4
DA:70,4
DA:80,4
DA:90,4
DA:114,4
DA:130,4
LF:10
LH:10
BRF:0
BRH:0
end_of_record
TN:
SF:tests\fixtures\kanbanStates.js
FNF:0
FNH:0
DA:4,6
DA:9,6
DA:18,6
DA:26,6
DA:35,6
DA:44,6
DA:53,6
DA:58,6
DA:63,6
LF:9
LH:9
BRF:0
BRH:0
end_of_record
TN:
SF:tests\fixtures\notesStates.js
FNF:0
FNH:0
DA:3,7
DA:10,7
DA:18,7
DA:26,7
DA:34,7
DA:41,7
DA:49,7
DA:56,7
DA:67,7
DA:78,7
LF:10
LH:10
BRF:0
BRH:0
end_of_record
TN:
SF:tests\fixtures\testUser.js
FNF:0
FNH:0
DA:1,19
LF:1
LH:1
BRF:0
BRH:0
end_of_record
TN:
SF:tests\fixtures\uiStates.js
FNF:0
FNH:0
DA:1,2
DA:6,2
LF:2
LH:2
BRF:0
BRH:0
end_of_record
TN:
SF:tests\mocks\styleMock.js
FNF:0
FNH:0
DA:1,7
LF:1
LH:1
BRF:0
BRH:0
end_of_record
